Case #1: 1 1
Case #2: 2 0
Case #3: 2 0
Case #4: 170 0
Case #5: 221 0
Case #6: 89 0
Case #7: 112 0
Case #8: 181 0
Case #9: 63 0
Case #10: 127 0
Case #11: 69 0
Case #12: 224 0
Case #13: 499 0
Case #14: 140 0
Case #15: 190 0
Case #16: 2 0
Case #17: 500 0
Case #18: 237 0
Case #19: 173 0
Case #20: 92 0
Case #21: 209 0
Case #22: 71 0
Case #23: 2 0
Case #24: 174 0
Case #25: 192 0
Case #26: 246 0
Case #27: 196 0
Case #28: 500 0
Case #29: 500 0
Case #30: 88 0
Case #31: 231 0
Case #32: 94 0
Case #33: 1000 0
Case #34: 244 0
Case #35: 237 0
Case #36: 137 0
Case #37: 202 0
Case #38: 1 1
Case #39: 135 0
Case #40: 174 0
Case #41: 104 0
Case #42: 181 0
Case #43: 124 0
Case #44: 146 0
Case #45: 135 0
Case #46: 221 0
Case #47: 499 0
Case #48: 210 0
Case #49: 240 0
Case #50: 89 0
Case #51: 499 0
Case #52: 496 504
Case #53: 74 0
Case #54: 140 0
Case #55: 230 0
Case #56: 236 0
Case #57: 227 0
Case #58: 498 0
Case #59: 500 0
Case #60: 115 0
Case #61: 124 0
Case #62: 498 0
Case #63: 111 0
Case #64: 189 0
Case #65: 223 0
Case #66: 167 0
Case #67: 189 0
Case #68: 229 0
Case #69: 179 0
Case #70: 115 0
Case #71: 205 0
Case #72: 136 0
Case #73: 206 0
Case #74: 500 0
Case #75: 128 0
Case #76: 486 514
Case #77: 221 0
Case #78: 167 0
Case #79: 500 0
Case #80: 173 0
Case #81: 71 0
Case #82: 500 0
Case #83: 243 0
Case #84: 190 0
Case #85: 227 0
Case #86: 62 0
Case #87: 207 0
Case #88: 500 0
Case #89: 188 0
Case #90: 97 0
Case #91: 197 0
Case #92: 193 0
Case #93: 1 0
Case #94: 503 0
Case #95: 499 0
Case #96: 238 0
Case #97: 207 0
Case #98: 497 0
Case #99: 499 0
Case #100: 74 0
