Case #1: 1 0
Case #2: 1 0
Case #3: 1 1
Case #4: 0 0
Case #5: 500 499
Case #6: 0 0
Case #7: 1 0
Case #8: 0 0
Case #9: 0 0
Case #10: 0 0
Case #11: 0 0
Case #12: 1 1
Case #13: 0 0
Case #14: 1 0
Case #15: 0 0
Case #16: 1 0
Case #17: 1 1
Case #18: 0 0
Case #19: 3 3
Case #20: 2 2
Case #21: 1 0
Case #22: 0 0
Case #23: 0 0
Case #24: 0 0
Case #25: 0 0
Case #26: 1 1
Case #27: 0 0
Case #28: 1 0
Case #29: 1 1
Case #30: 3 3
Case #31: 1 1
Case #32: 0 0
Case #33: 0 0
Case #34: 0 0
Case #35: 1 1
Case #36: 0 0
Case #37: 0 0
Case #38: 0 0
Case #39: 1 0
Case #40: 0 0
Case #41: 3 2
Case #42: 3 2
Case #43: 0 0
Case #44: 0 0
Case #45: 0 0
Case #46: 1 0
Case #47: 1 0
Case #48: 1 0
Case #49: 125 124
Case #50: 2 1
Case #51: 3 3
Case #52: 1 0
Case #53: 250 249
Case #54: 1 1
Case #55: 0 0
Case #56: 7 6
Case #57: 1 0
Case #58: 0 0
Case #59: 7 6
Case #60: 1 0
Case #61: 0 0
Case #62: 1 0
Case #63: 0 0
Case #64: 0 0
Case #65: 0 0
Case #66: 1 1
Case #67: 0 0
Case #68: 0 0
Case #69: 0 0
Case #70: 0 0
Case #71: 0 0
Case #72: 1 0
Case #73: 3 3
Case #74: 1 0
Case #75: 1 0
Case #76: 1 0
Case #77: 3 2
Case #78: 0 0
Case #79: 0 0
Case #80: 0 0
Case #81: 250 249
Case #82: 0 0
Case #83: 1 1
Case #84: 1 0
Case #85: 249 249
Case #86: 499 499
Case #87: 0 0
Case #88: 0 0
Case #89: 1 1
Case #90: 0 0
Case #91: 0 0
Case #92: 3 2
Case #93: 0 0
Case #94: 0 0
Case #95: 0 0
Case #96: 0 0
Case #97: 0 0
Case #98: 0 0
Case #99: 0 0
Case #100: 1 0
