Case #1: 4 3
+ 1 1
o 1 2
x 2 1
Case #2: 2 0
Case #3: 6 2
x 1 3
o 2 2
Case #4: 150 82
+ 1 1
+ 1 11
+ 1 40
+ 1 41
+ 1 44
+ 1 56
o 1 57
+ 2 1
+ 2 3
+ 2 4
+ 2 5
+ 2 20
+ 2 26
+ 2 47
+ 2 48
+ 3 1
+ 3 8
+ 3 35
+ 3 52
+ 3 57
+ 4 11
+ 4 57
x 5 56
+ 5 57
x 6 53
+ 7 1
+ 8 1
x 8 49
+ 9 1
+ 10 57
x 11 48
+ 12 1
x 12 45
x 13 44
+ 13 57
x 14 43
+ 15 1
+ 16 1
+ 16 57
+ 18 1
+ 19 52
+ 20 1
x 20 40
+ 20 57
x 22 39
x 23 38
+ 23 52
+ 24 1
x 24 35
+ 25 1
x 25 32
+ 27 2
+ 27 55
+ 27 57
x 29 31
+ 30 1
x 30 30
+ 31 1
+ 31 3
+ 31 57
x 33 28
+ 34 1
x 34 24
+ 37 3
x 38 22
+ 39 52
+ 39 54
+ 39 56
x 40 19
+ 40 49
x 43 18
x 44 17
x 47 15
x 48 14
x 49 11
x 51 9
x 54 7
+ 54 33
x 55 6
x 56 4
+ 56 25
x 57 3
Case #5: 265 142
+ 1 2
+ 1 3
+ 1 78
+ 1 84
+ 1 90
+ 1 98
+ 2 6
+ 2 7
+ 2 8
+ 2 9
+ 2 21
+ 2 32
+ 2 34
+ 2 65
+ 2 82
+ 2 90
+ 2 92
+ 3 18
+ 3 24
+ 3 27
o 3 29
+ 4 12
+ 4 13
+ 4 15
+ 4 16
+ 4 86
x 4 97
+ 5 1
+ 5 19
+ 5 30
+ 5 39
+ 5 72
x 5 96
+ 6 1
x 6 95
x 7 92
+ 8 72
x 8 91
x 9 89
+ 11 1
x 11 86
+ 11 95
+ 11 97
+ 12 1
+ 13 1
x 13 83
+ 13 98
+ 14 1
x 14 82
x 16 77
+ 17 1
+ 17 96
+ 18 96
+ 18 99
x 19 75
+ 21 1
+ 24 1
x 24 74
+ 24 98
+ 25 1
x 25 73
x 26 72
+ 26 92
+ 26 97
+ 27 1
x 27 71
+ 28 1
+ 29 97
+ 29 98
+ 29 99
+ 31 2
x 31 68
x 32 67
x 33 64
o 35 63
+ 35 97
x 36 62
+ 36 97
+ 37 1
+ 38 1
+ 38 97
x 39 61
+ 39 99
+ 40 2
+ 40 96
+ 42 99
x 43 60
+ 44 99
+ 45 6
x 45 59
+ 46 98
+ 47 1
+ 48 1
x 48 58
+ 50 98
+ 50 99
+ 52 1
x 52 56
+ 53 1
x 53 55
x 54 54
+ 54 91
x 55 52
+ 56 1
+ 56 3
x 57 51
+ 57 96
x 58 47
+ 58 94
+ 58 99
x 59 46
+ 59 97
+ 59 99
x 60 45
+ 61 1
+ 61 2
x 61 43
x 62 42
+ 63 1
x 64 40
+ 65 7
+ 65 98
+ 66 2
x 66 39
+ 67 11
x 68 33
+ 69 1
+ 69 98
x 70 32
+ 72 1
x 72 28
x 73 27
x 78 13
x 82 11
x 87 10
x 88 7
x 91 4
x 94 3
+ 97 28
+ 97 43
x 99 2
+ 99 32
Case #6: 280 191
+ 1 100
o 2 95
+ 2 96
+ 2 100
+ 3 10
x 3 99
+ 3 100
+ 4 12
+ 4 100
+ 5 100
x 6 96
+ 7 2
x 7 94
+ 8 2
+ 8 98
+ 8 100
+ 9 5
+ 9 98
+ 9 100
+ 11 1
x 12 91
+ 12 98
+ 12 100
+ 13 98
+ 13 100
x 14 90
x 15 88
+ 16 1
+ 16 98
+ 16 100
+ 17 98
+ 17 100
+ 20 1
x 20 87
+ 20 98
+ 20 100
+ 21 1
x 21 86
+ 21 98
+ 21 100
+ 22 1
x 22 85
x 24 83
+ 24 98
+ 24 100
+ 25 1
o 25 98
+ 25 100
+ 26 1
+ 27 1
x 28 82
+ 28 98
+ 28 100
x 29 80
+ 29 98
+ 29 100
x 31 79
+ 32 1
+ 32 98
o 32 100
+ 33 100
x 34 75
+ 35 1
x 35 73
+ 35 100
x 36 72
+ 36 98
+ 36 100
+ 37 2
+ 37 10
+ 37 100
x 38 71
+ 39 1
x 39 70
+ 39 100
+ 40 1
x 40 69
+ 40 98
+ 40 100
x 41 67
+ 41 100
+ 42 1
x 43 65
+ 43 100
x 44 62
+ 44 98
+ 44 100
+ 45 1
x 45 59
+ 45 100
x 46 57
x 47 56
x 48 53
+ 49 1
x 49 52
+ 49 98
+ 49 99
+ 49 100
+ 51 1
+ 52 1
x 52 51
+ 52 98
+ 52 100
+ 53 100
x 54 49
+ 55 1
+ 55 100
+ 56 1
+ 56 100
+ 57 1
+ 57 4
x 57 48
+ 57 100
+ 58 1
+ 59 1
x 59 46
+ 59 100
x 60 45
+ 60 98
+ 60 100
x 61 44
+ 62 2
x 62 43
+ 62 99
+ 63 2
+ 64 100
+ 65 1
+ 65 100
+ 66 1
x 67 39
+ 68 1
x 68 38
+ 68 100
+ 69 27
x 69 36
+ 69 98
+ 69 100
+ 70 24
x 70 35
x 71 33
x 72 30
+ 72 98
+ 72 100
+ 73 1
x 73 29
+ 73 100
+ 74 1
+ 75 1
x 75 28
+ 76 1
+ 76 5
x 76 26
+ 76 98
+ 76 100
+ 77 1
+ 77 100
+ 78 1
+ 78 8
+ 79 1
x 79 25
+ 80 12
+ 80 91
+ 80 95
+ 80 100
+ 81 1
x 81 24
+ 81 98
+ 81 100
x 83 22
x 84 21
+ 84 100
x 85 19
x 86 17
x 87 15
x 90 14
+ 90 73
x 93 13
+ 93 53
x 94 9
+ 94 72
x 95 8
+ 95 59
+ 95 67
x 96 6
x 97 5
x 98 3
+ 98 80
x 99 1
+ 99 52
+ 99 83
+ 100 31
Case #7: 7 5
+ 1 1
x 1 2
+ 1 3
o 2 1
+ 2 3
Case #8: 298 255
+ 1 1
+ 1 100
+ 2 1
x 2 99
+ 2 100
+ 3 1
+ 3 100
+ 4 1
+ 4 100
+ 5 1
+ 5 100
+ 6 1
x 6 98
+ 6 100
+ 7 1
x 7 97
+ 7 100
+ 8 1
x 8 96
+ 8 100
+ 9 1
+ 9 100
+ 10 1
x 10 94
+ 10 100
+ 11 1
x 11 93
+ 11 100
+ 12 1
x 12 91
+ 12 100
+ 13 1
+ 13 100
+ 14 1
x 14 88
+ 14 100
+ 15 1
+ 15 100
+ 16 1
x 16 87
+ 16 100
+ 17 1
+ 17 100
+ 18 1
+ 18 100
+ 19 1
x 19 86
+ 19 100
+ 20 1
+ 20 100
+ 21 1
+ 21 100
+ 22 1
+ 22 100
+ 23 1
+ 23 100
+ 24 1
+ 24 100
+ 25 1
+ 25 100
+ 26 1
+ 26 100
+ 27 1
+ 27 100
+ 28 1
x 28 85
+ 28 100
+ 29 1
+ 29 100
+ 30 1
+ 30 100
+ 31 1
x 31 83
+ 31 100
+ 32 1
+ 32 100
+ 33 1
+ 33 100
+ 34 1
+ 34 100
+ 35 1
+ 35 100
+ 36 1
+ 36 100
+ 37 1
x 37 82
+ 37 100
+ 38 1
x 38 81
+ 38 100
+ 39 1
x 39 80
+ 39 100
+ 40 1
x 40 77
+ 40 100
+ 41 1
+ 41 100
+ 42 1
x 42 74
+ 42 100
+ 43 1
x 43 73
+ 43 100
+ 44 1
x 44 72
+ 44 100
+ 45 1
x 45 71
+ 45 100
+ 46 1
x 46 68
+ 46 100
+ 47 1
x 47 66
+ 47 100
+ 48 1
+ 48 100
+ 49 1
x 49 64
+ 49 100
+ 50 1
x 50 61
+ 50 100
+ 51 1
x 51 57
+ 51 100
+ 52 1
+ 52 100
+ 53 1
x 53 55
+ 53 100
+ 54 1
+ 54 100
+ 55 1
x 55 51
+ 55 100
+ 56 1
x 56 50
+ 56 100
+ 57 1
x 57 47
+ 57 100
+ 58 1
x 58 46
+ 58 100
+ 59 1
x 59 44
+ 59 100
+ 60 1
+ 60 100
+ 61 1
+ 61 100
+ 62 1
x 62 42
+ 62 100
+ 63 1
x 63 40
+ 63 100
+ 64 1
x 64 39
+ 64 100
+ 65 1
+ 65 100
+ 66 1
x 66 38
+ 66 100
+ 67 1
x 67 37
+ 67 100
+ 68 1
x 68 36
+ 68 100
+ 69 1
x 69 35
+ 69 100
+ 70 1
x 70 34
+ 70 100
+ 71 1
+ 71 100
+ 72 1
x 72 33
+ 72 100
+ 73 1
+ 73 100
+ 74 1
x 74 32
+ 74 100
+ 75 1
x 75 30
+ 75 100
+ 76 1
+ 76 100
+ 77 1
x 77 23
+ 77 100
+ 78 1
x 78 22
+ 78 100
+ 79 1
x 79 21
+ 79 100
+ 80 1
x 80 20
+ 80 100
+ 81 1
x 81 19
+ 81 100
+ 82 1
x 82 18
+ 82 100
+ 83 1
x 83 16
+ 83 100
+ 84 1
x 84 14
+ 84 100
+ 85 1
o 85 100
+ 86 1
x 86 13
+ 86 100
+ 87 1
+ 87 100
+ 88 1
x 88 12
+ 88 100
+ 89 1
+ 89 100
+ 90 1
x 90 10
+ 90 100
+ 91 1
x 91 7
+ 91 100
+ 92 1
x 92 6
+ 92 100
+ 93 1
+ 93 100
+ 94 1
+ 94 100
+ 95 1
x 95 5
+ 95 100
+ 96 1
+ 96 100
+ 97 1
x 97 4
+ 97 100
o 98 1
+ 98 100
+ 99 1
+ 99 100
Case #9: 129 74
+ 1 1
+ 1 35
+ 1 46
+ 1 48
+ 2 1
+ 2 3
+ 2 4
+ 2 30
+ 2 32
+ 2 42
o 2 48
+ 3 1
+ 3 7
+ 4 10
x 4 47
+ 5 12
+ 5 46
+ 5 48
+ 6 1
+ 6 9
+ 6 14
x 6 45
+ 6 48
+ 7 1
+ 8 1
x 8 44
+ 9 48
+ 10 1
x 10 42
+ 10 46
+ 10 48
+ 11 1
x 11 40
+ 11 48
+ 12 1
x 13 37
+ 15 1
x 15 34
x 16 33
+ 17 1
x 19 27
+ 20 3
+ 20 47
x 22 26
+ 22 46
+ 24 1
+ 25 1
+ 26 1
+ 26 4
x 26 23
+ 26 48
+ 27 1
x 27 22
+ 29 47
x 30 21
+ 30 43
x 31 20
x 32 17
+ 32 47
+ 32 48
x 34 15
+ 34 44
+ 35 2
x 35 14
x 38 13
x 39 12
o 41 11
x 42 9
x 43 5
x 44 4
x 45 3
+ 45 18
x 47 2
+ 48 16
Case #10: 298 100
o 1 100
x 2 99
x 3 98
x 4 97
x 5 96
x 6 95
x 7 94
x 8 93
x 9 92
x 10 91
x 11 90
x 12 89
x 13 88
x 14 87
x 15 86
x 16 85
x 17 84
x 18 83
x 19 82
x 20 81
x 21 80
x 22 79
x 23 78
x 24 77
x 25 76
x 26 75
x 27 74
x 28 73
x 29 72
x 30 71
x 31 70
x 32 69
x 33 68
x 34 67
x 35 66
x 36 65
x 37 64
x 38 63
x 39 62
x 40 61
x 41 60
x 42 59
x 43 58
x 44 57
x 45 56
x 46 55
x 47 54
x 48 53
x 49 52
x 50 51
x 51 50
x 52 49
x 53 48
x 54 47
x 55 46
x 56 45
x 57 44
x 58 43
x 59 42
x 60 41
x 61 40
x 62 39
x 63 38
x 64 37
x 65 36
x 66 35
x 67 34
x 68 33
x 69 32
x 70 31
x 71 30
x 72 29
x 73 28
x 74 27
x 75 26
x 76 25
x 77 24
x 78 23
x 79 22
x 80 21
x 81 20
x 82 19
x 83 18
x 84 17
x 85 16
x 86 15
x 87 14
x 88 13
x 89 12
x 90 11
x 91 10
x 92 9
x 93 8
x 94 7
x 95 6
x 96 5
x 97 4
x 98 3
x 99 2
x 100 1
Case #11: 270 170
+ 2 21
+ 2 92
+ 2 97
+ 2 100
x 3 99
+ 3 100
x 4 98
+ 4 100
x 5 97
x 6 96
+ 6 100
+ 7 98
+ 7 100
x 8 95
+ 8 100
x 10 94
+ 11 98
+ 11 100
x 12 93
+ 12 98
+ 12 100
x 13 92
x 14 91
x 15 90
+ 16 98
+ 16 99
+ 16 100
x 17 89
x 18 88
x 19 87
+ 19 98
+ 19 100
x 20 86
x 21 85
x 22 84
x 23 82
+ 23 98
+ 23 100
x 24 81
+ 24 98
+ 24 100
x 25 80
x 26 79
+ 27 3
x 27 78
+ 27 98
+ 27 100
x 28 76
+ 28 100
+ 29 2
x 29 75
x 30 74
+ 31 98
+ 31 100
x 33 73
+ 33 99
+ 35 100
x 36 72
x 37 71
+ 37 99
x 38 70
x 39 68
+ 39 98
+ 39 100
x 41 67
+ 41 99
+ 42 1
x 42 66
+ 43 1
x 43 65
+ 43 100
x 44 64
+ 44 100
x 45 61
x 46 59
x 47 58
+ 47 98
+ 47 100
x 48 55
+ 49 1
x 49 54
+ 49 99
x 50 53
+ 51 1
x 51 52
+ 51 98
+ 51 100
x 52 50
+ 52 100
x 53 48
x 54 47
x 55 45
+ 55 100
x 56 44
+ 56 100
x 58 43
x 59 42
+ 59 98
+ 59 100
x 60 41
+ 60 100
x 61 40
x 62 37
x 63 35
+ 63 100
x 64 34
x 65 33
+ 65 99
x 66 31
+ 67 100
+ 68 100
+ 69 2
x 69 29
x 70 28
x 71 27
+ 71 98
+ 71 100
x 72 26
+ 72 98
+ 72 100
x 73 25
x 74 24
+ 75 10
x 75 22
+ 76 13
x 76 21
+ 76 99
+ 76 100
+ 77 16
x 77 20
+ 78 88
+ 78 96
+ 79 11
x 79 19
x 80 18
x 81 17
x 83 16
x 84 15
x 85 14
+ 85 28
x 89 13
x 90 12
x 91 11
x 92 10
+ 92 26
+ 92 28
x 93 9
x 94 7
+ 94 32
+ 94 39
x 95 6
+ 95 35
x 96 5
+ 96 38
+ 96 57
+ 96 62
+ 96 66
x 97 4
+ 97 41
+ 97 44
x 98 3
+ 98 44
+ 98 52
+ 98 67
x 99 2
+ 99 47
+ 99 55
+ 99 62
+ 99 74
x 100 1
Case #12: 160 83
+ 1 12
+ 1 18
+ 1 32
+ 1 33
+ 1 36
+ 1 38
+ 1 42
+ 1 49
+ 2 1
+ 2 6
+ 2 15
+ 2 29
+ 2 47
+ 2 51
+ 2 55
x 2 62
+ 3 4
+ 3 24
+ 3 63
+ 4 1
+ 5 1
+ 5 13
+ 5 47
x 5 61
+ 6 16
+ 6 20
x 6 60
+ 7 23
+ 8 1
+ 8 46
+ 8 63
+ 9 1
x 9 59
+ 10 1
+ 10 62
+ 11 1
x 11 58
x 12 56
+ 12 63
+ 13 1
x 13 55
+ 14 1
x 14 54
x 15 50
+ 16 63
x 18 48
+ 19 63
x 20 44
x 21 41
x 22 40
+ 22 56
+ 23 2
x 23 39
+ 23 62
+ 23 63
x 25 37
x 26 32
+ 27 63
+ 28 1
x 29 31
x 30 30
+ 30 63
+ 31 1
x 31 28
x 32 27
x 35 25
x 36 19
+ 38 60
+ 38 62
x 39 18
+ 39 57
+ 40 7
x 45 15
+ 46 10
x 46 13
x 49 12
x 50 10
x 56 9
x 59 7
x 60 6
x 61 4
x 62 3
+ 63 25
Case #13: 143 85
+ 1 1
+ 1 4
+ 1 6
+ 1 21
+ 1 42
+ 1 47
+ 1 49
+ 1 51
x 1 52
+ 1 53
+ 2 10
+ 2 34
x 2 51
+ 2 53
+ 3 1
+ 3 5
+ 3 10
+ 3 42
+ 4 15
+ 4 38
x 4 50
+ 5 1
x 6 49
x 7 47
+ 8 1
x 8 45
+ 8 48
+ 9 1
x 9 43
+ 9 51
+ 9 53
+ 10 1
x 10 42
x 12 41
+ 13 1
+ 14 1
x 15 40
+ 15 50
+ 15 51
+ 15 52
+ 15 53
+ 16 1
x 16 38
+ 17 1
+ 17 3
x 17 37
x 18 36
x 19 33
+ 21 48
+ 21 50
+ 21 51
+ 23 1
x 23 30
+ 23 47
x 24 28
+ 25 1
x 25 27
x 26 26
+ 27 2
x 27 25
+ 27 52
+ 27 53
+ 30 1
+ 30 52
x 32 24
+ 33 1
x 33 23
x 34 21
+ 35 4
x 35 18
+ 35 50
+ 35 53
+ 36 2
x 36 16
x 37 11
+ 38 52
x 39 10
+ 40 1
x 47 9
x 48 7
+ 49 26
x 50 5
x 51 3
+ 51 23
x 52 1
Case #14: 293 207
+ 1 3
+ 1 99
+ 1 100
+ 2 1
x 2 94
+ 2 97
+ 3 100
+ 4 1
+ 4 98
+ 4 100
+ 5 1
+ 6 1
+ 6 9
+ 7 1
+ 7 11
+ 7 98
+ 7 100
+ 8 1
+ 8 98
+ 8 100
+ 9 1
x 9 78
+ 10 1
x 10 75
+ 11 1
+ 11 98
+ 11 100
+ 12 1
+ 12 98
+ 12 100
+ 15 1
+ 15 98
+ 15 100
+ 16 98
+ 16 100
+ 18 1
+ 19 1
+ 19 98
+ 19 100
+ 20 98
+ 20 100
+ 21 1
+ 21 2
+ 23 1
x 23 70
+ 23 98
+ 23 100
+ 24 1
+ 24 98
+ 24 100
+ 25 1
+ 26 1
+ 27 1
+ 27 98
+ 27 100
+ 28 1
x 28 65
+ 28 98
+ 28 100
+ 29 1
+ 30 1
x 30 62
+ 31 1
+ 31 98
+ 31 100
+ 32 1
+ 32 98
+ 32 100
+ 33 1
+ 34 1
+ 35 1
+ 35 98
+ 35 100
+ 36 1
+ 36 98
+ 36 100
+ 37 1
x 37 59
+ 38 1
x 38 57
+ 39 1
+ 39 98
+ 39 100
+ 40 1
+ 40 98
+ 40 100
+ 41 1
+ 42 1
x 42 53
+ 43 1
x 43 49
+ 43 100
+ 44 1
+ 44 100
+ 45 1
x 45 45
+ 46 100
+ 47 98
+ 47 100
+ 48 1
+ 48 100
+ 49 1
+ 50 1
+ 50 100
+ 51 1
+ 51 98
+ 51 100
+ 52 1
+ 52 100
+ 53 1
+ 54 1
x 54 43
+ 55 1
+ 55 98
+ 55 100
+ 56 1
x 56 38
+ 56 100
x 58 37
+ 58 100
+ 59 1
+ 59 2
x 59 29
+ 59 98
+ 59 100
+ 60 100
+ 61 1
+ 62 1
+ 63 1
+ 63 98
+ 63 100
+ 64 1
+ 64 98
+ 64 100
+ 66 1
+ 67 1
+ 67 98
+ 67 100
+ 68 1
+ 68 98
+ 68 100
+ 69 1
+ 70 1
x 70 27
+ 71 1
+ 71 98
+ 71 100
+ 72 1
x 72 26
+ 72 98
+ 72 100
+ 73 1
+ 74 1
+ 75 98
+ 75 100
+ 76 98
+ 76 100
+ 77 1
x 77 25
+ 78 1
x 78 24
+ 79 1
x 79 17
+ 79 98
+ 79 100
+ 80 1
+ 80 98
+ 80 100
+ 81 1
+ 81 17
+ 82 1
+ 83 1
+ 83 98
+ 83 100
+ 84 1
+ 84 98
+ 84 100
+ 85 1
+ 85 11
+ 86 1
+ 86 11
x 86 14
+ 87 1
x 87 10
+ 87 100
+ 88 1
+ 88 98
+ 88 100
+ 89 1
x 89 5
+ 89 100
+ 90 1
+ 91 1
+ 91 100
+ 92 1
+ 92 98
+ 92 100
+ 93 1
x 93 2
+ 93 48
+ 93 100
+ 94 1
x 95 1
+ 95 100
+ 99 43
+ 100 54
+ 100 85
Case #15: 280 226
+ 1 2
+ 1 12
+ 1 96
x 1 100
+ 2 94
x 2 99
+ 2 100
x 3 98
+ 3 100
+ 4 16
x 4 97
+ 4 100
x 5 96
x 6 95
+ 6 100
x 7 94
+ 7 98
+ 7 100
o 8 93
x 9 92
x 10 91
+ 10 98
+ 10 100
x 11 90
+ 11 98
+ 11 100
x 12 89
x 13 88
x 14 87
+ 14 98
+ 14 100
+ 15 1
x 15 86
x 16 85
+ 16 99
+ 17 1
x 17 84
x 18 83
+ 18 98
+ 18 100
x 19 82
+ 19 98
+ 19 100
+ 20 1
x 20 81
x 21 80
x 22 79
+ 23 3
x 23 78
+ 23 98
+ 23 99
+ 23 100
+ 24 1
x 24 77
x 25 76
+ 26 1
x 26 75
+ 26 98
+ 26 100
+ 27 1
x 27 74
+ 27 100
+ 28 1
x 28 73
x 29 72
x 30 71
+ 30 98
+ 30 100
x 31 70
+ 32 1
x 32 69
+ 32 99
x 33 68
x 34 67
+ 34 100
x 35 66
+ 35 98
+ 35 100
+ 36 1
x 36 65
x 37 64
x 38 63
+ 38 98
+ 38 100
x 39 62
+ 39 98
+ 39 100
+ 40 1
x 40 61
x 41 60
+ 42 1
x 42 59
+ 42 98
+ 42 100
x 43 58
+ 43 98
+ 43 100
x 44 57
+ 45 1
x 45 56
+ 46 1
x 46 55
x 47 54
+ 47 98
+ 47 99
+ 47 100
+ 48 1
x 48 53
x 49 52
x 50 51
+ 50 98
+ 50 100
+ 51 1
x 51 50
+ 51 98
+ 51 100
+ 52 1
x 52 49
+ 53 4
x 53 48
+ 54 1
+ 54 11
x 54 47
x 55 46
+ 55 99
+ 55 100
+ 56 4
x 56 45
+ 57 1
x 57 44
x 58 43
+ 58 100
x 59 42
+ 59 98
+ 59 100
+ 60 1
+ 60 3
x 60 41
x 61 40
x 62 39
+ 62 98
+ 62 100
x 63 38
+ 63 98
+ 63 100
x 64 37
x 65 36
x 66 35
+ 66 100
+ 67 1
x 67 34
+ 67 98
+ 67 100
+ 68 1
x 68 33
+ 68 100
+ 69 1
x 69 32
+ 70 1
+ 70 22
x 70 31
x 71 30
+ 71 100
+ 72 1
+ 72 8
x 72 29
+ 73 3
+ 73 11
x 73 28
+ 73 100
x 74 27
+ 75 15
x 75 26
+ 75 100
x 76 25
x 77 24
+ 78 1
x 78 23
+ 78 98
+ 78 100
x 79 22
+ 79 93
+ 79 95
+ 79 100
+ 80 1
x 80 21
x 81 20
+ 81 100
+ 82 1
x 82 19
x 83 18
+ 83 37
+ 84 1
x 84 17
+ 84 99
x 85 16
x 86 15
x 87 14
+ 87 45
+ 87 100
x 88 13
x 89 12
+ 90 5
x 90 11
x 91 10
x 92 9
+ 92 52
x 93 8
x 94 7
+ 94 19
x 95 6
+ 95 57
+ 95 58
x 96 5
+ 96 60
x 97 4
+ 97 32
x 98 3
x 99 2
+ 99 26
+ 99 65
+ 99 70
+ 99 71
+ 99 78
+ 99 86
x 100 1
Case #16: 21 0
Case #17: 295 261
o 1 99
+ 1 100
+ 2 1
x 2 97
+ 3 1
x 3 96
+ 3 100
+ 4 1
x 4 95
+ 4 98
+ 4 100
+ 5 1
x 5 94
+ 5 100
+ 6 1
x 6 93
+ 7 1
+ 7 100
+ 8 1
x 8 92
+ 8 98
+ 8 100
+ 9 1
+ 9 100
+ 10 1
+ 10 12
x 10 91
+ 11 1
x 11 89
+ 11 100
+ 12 1
+ 12 98
+ 12 100
+ 13 1
x 13 86
+ 13 100
+ 14 1
x 14 83
+ 15 1
+ 15 100
+ 16 1
x 16 81
+ 16 98
+ 16 100
+ 17 1
x 17 80
+ 17 100
+ 18 1
+ 19 1
x 19 79
+ 19 100
+ 20 1
x 20 77
+ 20 98
+ 20 100
+ 21 100
+ 22 1
+ 22 26
+ 23 1
x 23 76
+ 23 100
+ 24 1
x 24 75
+ 24 98
+ 24 100
+ 25 1
x 25 74
+ 25 100
+ 26 1
+ 27 1
+ 27 33
x 27 73
+ 27 100
+ 28 1
+ 28 98
+ 28 100
+ 29 1
o 29 100
+ 30 1
x 30 71
+ 31 1
x 31 70
+ 31 100
+ 32 1
x 32 68
+ 32 98
+ 32 100
+ 33 1
x 33 67
+ 33 100
+ 34 1
x 34 66
+ 35 1
x 35 64
+ 35 100
+ 36 1
+ 36 98
+ 36 100
+ 37 1
+ 37 100
+ 38 1
x 38 63
+ 39 1
x 39 62
+ 39 100
+ 40 1
x 40 59
+ 40 100
+ 41 1
x 41 57
+ 41 100
+ 42 1
x 42 55
+ 42 100
+ 43 1
x 43 54
+ 43 100
+ 44 1
x 44 53
+ 44 100
+ 45 1
+ 45 100
+ 46 1
+ 46 100
x 47 52
+ 47 100
+ 48 1
+ 48 100
+ 49 1
+ 49 100
+ 50 1
x 50 51
+ 50 100
+ 51 1
x 51 50
+ 51 100
+ 52 1
x 52 49
+ 52 100
+ 53 1
x 53 48
+ 53 100
+ 54 1
x 54 47
+ 54 100
+ 55 1
x 55 44
+ 55 100
+ 56 1
+ 56 100
+ 57 1
x 57 43
+ 57 100
+ 58 1
x 58 42
+ 58 100
x 59 41
+ 59 100
+ 60 1
+ 60 100
x 61 40
+ 61 100
+ 62 1
x 62 39
+ 62 100
+ 63 1
x 63 37
+ 63 100
+ 64 1
+ 64 100
+ 65 1
+ 65 100
+ 66 1
x 66 36
+ 66 100
+ 67 1
+ 67 100
+ 68 1
x 68 34
+ 68 100
+ 69 1
+ 69 100
+ 70 1
x 70 33
+ 70 100
x 71 32
+ 71 100
+ 72 1
+ 72 100
+ 73 1
x 73 30
+ 73 100
+ 74 1
x 74 29
+ 74 100
+ 75 1
+ 75 100
+ 76 1
x 76 28
+ 76 100
+ 77 1
x 77 27
+ 77 100
+ 78 1
x 78 26
+ 78 100
+ 79 1
x 79 24
+ 79 100
+ 80 1
x 80 19
+ 80 100
+ 81 1
x 81 18
+ 81 100
+ 82 1
+ 82 100
+ 83 1
x 83 16
+ 83 100
+ 84 1
+ 84 14
x 84 15
+ 84 100
+ 85 1
x 85 14
+ 85 100
+ 86 1
x 86 13
+ 86 100
+ 87 100
+ 88 1
+ 88 100
+ 89 1
+ 89 100
+ 90 1
x 90 12
+ 90 100
+ 91 1
+ 91 5
x 91 9
+ 91 100
+ 92 1
+ 92 100
+ 93 1
x 93 8
+ 93 100
+ 94 1
x 94 7
x 95 6
+ 95 100
+ 96 1
x 96 5
x 97 4
+ 97 100
+ 98 1
x 98 3
x 99 2
+ 99 39
+ 99 100
x 100 1
Case #18: 298 0
Case #19: 256 140
+ 1 5
+ 1 52
+ 1 68
+ 1 72
+ 1 76
+ 1 79
+ 1 83
+ 1 84
+ 1 88
o 1 89
+ 2 1
+ 2 3
+ 2 12
+ 2 18
+ 2 20
+ 2 81
+ 2 92
+ 2 95
+ 3 23
+ 3 62
+ 3 83
+ 3 95
+ 4 7
+ 4 74
o 4 95
x 5 93
+ 6 1
+ 6 13
x 6 91
+ 6 95
+ 7 1
+ 7 16
x 7 90
+ 8 1
+ 9 73
+ 10 2
+ 11 22
+ 12 1
+ 12 31
+ 12 35
+ 13 26
x 13 88
+ 14 1
+ 14 95
+ 15 1
x 15 87
x 16 86
+ 16 92
+ 17 1
+ 18 95
+ 19 87
+ 19 91
+ 20 1
x 20 85
+ 21 95
x 22 78
+ 22 95
+ 23 1
x 24 77
+ 25 2
x 25 74
x 26 65
+ 27 1
x 27 64
+ 28 1
+ 28 94
+ 29 1
+ 30 1
+ 31 1
x 31 63
+ 33 95
+ 34 1
+ 35 95
x 36 59
+ 37 1
+ 37 95
+ 38 95
+ 39 5
x 40 57
+ 41 1
x 41 56
x 43 53
+ 43 92
+ 44 1
x 44 51
+ 45 95
+ 46 92
+ 47 3
x 47 49
+ 48 1
+ 50 1
x 50 48
+ 50 93
+ 50 94
+ 50 95
x 52 47
x 53 46
x 54 45
+ 54 94
+ 55 94
+ 56 2
x 56 44
x 57 43
+ 57 95
x 58 36
+ 58 93
+ 58 95
+ 59 95
+ 60 1
+ 60 3
x 60 35
+ 61 1
x 61 33
x 62 29
x 63 28
x 64 26
+ 64 95
x 66 25
+ 66 91
+ 67 1
+ 67 93
x 68 22
+ 68 90
+ 70 6
x 70 21
x 75 20
x 76 18
x 80 17
x 81 16
x 82 14
x 83 12
o 85 11
x 87 5
x 90 4
+ 90 37
x 91 3
x 92 1
+ 93 38
+ 93 41
+ 93 43
Case #20: 237 122
+ 1 13
+ 1 59
+ 1 69
+ 1 83
+ 1 86
+ 1 87
o 1 89
+ 2 1
+ 2 4
+ 2 9
+ 2 11
+ 2 20
+ 2 81
+ 2 89
+ 3 1
+ 3 7
+ 3 9
+ 3 23
+ 3 25
+ 3 74
+ 3 79
x 3 86
+ 4 1
+ 4 46
+ 4 82
+ 5 57
+ 6 21
+ 6 89
+ 7 1
+ 7 51
+ 7 72
x 7 83
+ 8 1
+ 8 89
x 9 82
+ 9 89
x 12 81
x 13 79
+ 14 87
+ 16 1
x 16 78
x 17 72
+ 18 1
+ 18 2
x 18 67
+ 19 86
+ 20 1
x 20 63
+ 20 89
x 21 61
x 22 59
+ 23 1
+ 24 1
+ 25 74
+ 25 88
x 26 55
+ 27 88
x 28 53
+ 29 1
+ 30 1
x 30 49
+ 31 4
+ 32 1
x 32 48
+ 32 85
x 34 45
+ 35 1
+ 37 1
+ 37 5
+ 37 84
+ 38 1
x 38 39
+ 38 89
+ 39 1
x 41 38
+ 41 87
+ 41 89
x 42 37
+ 43 1
x 43 35
+ 43 88
+ 44 1
+ 44 3
+ 44 85
+ 45 1
x 45 29
+ 46 89
x 48 28
+ 49 10
x 49 26
+ 49 89
+ 50 1
+ 50 3
x 50 25
x 51 24
+ 51 89
+ 52 89
x 53 23
+ 53 86
+ 53 89
+ 55 89
+ 56 1
+ 57 7
+ 57 89
x 58 19
+ 60 1
+ 60 89
x 61 17
x 62 14
+ 66 89
+ 68 5
+ 68 85
x 70 13
x 71 12
x 74 10
x 76 7
x 77 6
x 78 5
x 85 3
+ 86 51
x 87 2
x 88 1
Case #21: 199 108
+ 1 1
+ 1 2
+ 1 3
+ 1 64
+ 1 69
+ 1 72
x 1 74
+ 2 51
+ 2 56
+ 2 67
+ 2 72
x 2 73
+ 2 75
+ 3 65
+ 3 75
+ 4 1
+ 4 7
+ 4 31
+ 5 10
+ 5 14
+ 5 16
x 5 72
+ 6 1
+ 8 1
+ 8 75
+ 9 22
+ 9 24
+ 9 73
+ 9 75
x 11 71
+ 12 1
+ 15 73
+ 15 75
+ 16 1
x 16 70
+ 17 1
+ 17 3
x 18 68
+ 18 74
x 19 67
+ 20 75
+ 21 1
x 21 66
+ 21 73
x 22 65
+ 22 75
+ 23 1
+ 24 1
+ 24 3
x 24 62
+ 25 1
x 25 60
x 27 58
x 28 57
+ 28 75
+ 29 1
x 29 55
+ 29 72
x 30 54
+ 31 1
x 33 53
x 34 52
+ 35 75
x 36 49
+ 36 75
+ 37 1
+ 37 3
x 37 47
+ 38 1
+ 38 6
x 38 44
x 39 41
+ 39 75
+ 41 1
+ 42 75
x 43 37
+ 43 73
+ 43 75
+ 46 1
+ 47 1
+ 47 73
+ 47 75
x 48 35
+ 49 1
x 50 32
+ 51 75
x 52 31
+ 52 72
+ 53 1
x 61 30
+ 61 75
x 62 28
+ 62 72
x 63 20
x 64 19
x 67 18
x 68 17
x 70 11
x 71 9
+ 71 59
+ 71 61
x 73 8
+ 73 29
x 74 5
+ 74 25
+ 74 39
x 75 2
+ 75 25
Case #22: 298 297
+ 1 1
o 1 100
+ 2 1
x 2 99
+ 2 100
+ 3 1
x 3 98
+ 3 100
+ 4 1
x 4 97
+ 4 100
+ 5 1
x 5 96
+ 5 100
+ 6 1
x 6 95
+ 6 100
+ 7 1
x 7 94
+ 7 100
+ 8 1
x 8 93
+ 8 100
+ 9 1
x 9 92
+ 9 100
+ 10 1
x 10 91
+ 10 100
+ 11 1
x 11 90
+ 11 100
+ 12 1
x 12 89
+ 12 100
+ 13 1
x 13 88
+ 13 100
+ 14 1
x 14 87
+ 14 100
+ 15 1
x 15 86
+ 15 100
+ 16 1
x 16 85
+ 16 100
+ 17 1
x 17 84
+ 17 100
+ 18 1
x 18 83
+ 18 100
+ 19 1
x 19 82
+ 19 100
+ 20 1
x 20 81
+ 20 100
+ 21 1
x 21 80
+ 21 100
+ 22 1
x 22 79
+ 22 100
+ 23 1
x 23 78
+ 23 100
+ 24 1
x 24 77
+ 24 100
+ 25 1
x 25 76
+ 25 100
+ 26 1
x 26 75
+ 26 100
+ 27 1
x 27 74
+ 27 100
+ 28 1
x 28 73
+ 28 100
+ 29 1
x 29 72
+ 29 100
+ 30 1
x 30 71
+ 30 100
+ 31 1
x 31 70
+ 31 100
+ 32 1
x 32 69
+ 32 100
+ 33 1
x 33 68
+ 33 100
+ 34 1
x 34 67
+ 34 100
+ 35 1
x 35 66
+ 35 100
+ 36 1
x 36 65
+ 36 100
+ 37 1
x 37 64
+ 37 100
+ 38 1
x 38 63
+ 38 100
+ 39 1
x 39 62
+ 39 100
+ 40 1
x 40 61
+ 40 100
+ 41 1
x 41 60
+ 41 100
+ 42 1
x 42 59
+ 42 100
+ 43 1
x 43 58
+ 43 100
+ 44 1
x 44 57
+ 44 100
+ 45 1
x 45 56
+ 45 100
+ 46 1
x 46 55
+ 46 100
+ 47 1
x 47 54
+ 47 100
+ 48 1
x 48 53
+ 48 100
+ 49 1
x 49 52
+ 49 100
+ 50 1
x 50 51
+ 50 100
+ 51 1
x 51 50
+ 51 100
+ 52 1
x 52 49
+ 52 100
+ 53 1
x 53 48
+ 53 100
+ 54 1
x 54 47
+ 54 100
+ 55 1
x 55 46
+ 55 100
+ 56 1
x 56 45
+ 56 100
+ 57 1
x 57 44
+ 57 100
+ 58 1
x 58 43
+ 58 100
+ 59 1
x 59 42
+ 59 100
+ 60 1
x 60 41
+ 60 100
+ 61 1
x 61 40
+ 61 100
+ 62 1
x 62 39
+ 62 100
+ 63 1
x 63 38
+ 63 100
+ 64 1
x 64 37
+ 64 100
+ 65 1
x 65 36
+ 65 100
+ 66 1
x 66 35
+ 66 100
+ 67 1
x 67 34
+ 67 100
+ 68 1
x 68 33
+ 68 100
+ 69 1
x 69 32
+ 69 100
+ 70 1
x 70 31
+ 70 100
+ 71 1
x 71 30
+ 71 100
+ 72 1
x 72 29
+ 72 100
+ 73 1
x 73 28
+ 73 100
+ 74 1
x 74 27
+ 74 100
+ 75 1
x 75 26
+ 75 100
+ 76 1
x 76 25
+ 76 100
+ 77 1
x 77 24
+ 77 100
+ 78 1
x 78 23
+ 78 100
+ 79 1
x 79 22
+ 79 100
+ 80 1
x 80 21
+ 80 100
+ 81 1
x 81 20
+ 81 100
+ 82 1
x 82 19
+ 82 100
+ 83 1
x 83 18
+ 83 100
+ 84 1
x 84 17
+ 84 100
+ 85 1
x 85 16
+ 85 100
+ 86 1
x 86 15
+ 86 100
+ 87 1
x 87 14
+ 87 100
+ 88 1
x 88 13
+ 88 100
+ 89 1
x 89 12
+ 89 100
+ 90 1
x 90 11
+ 90 100
+ 91 1
x 91 10
+ 91 100
+ 92 1
x 92 9
+ 92 100
+ 93 1
x 93 8
+ 93 100
+ 94 1
x 94 7
+ 94 100
+ 95 1
x 95 6
+ 95 100
+ 96 1
x 96 5
+ 96 100
+ 97 1
x 97 4
+ 97 100
+ 98 1
x 98 3
+ 98 100
+ 99 1
x 99 2
+ 99 100
x 100 1
Case #23: 298 215
+ 1 1
+ 1 100
+ 2 1
+ 2 100
+ 3 1
x 3 98
+ 3 100
+ 4 1
+ 4 100
+ 5 1
+ 5 100
+ 6 1
+ 6 100
+ 7 1
+ 7 100
+ 8 1
x 8 97
+ 8 100
+ 9 1
+ 9 100
+ 10 1
+ 10 100
+ 11 1
x 11 77
+ 11 100
+ 12 1
+ 12 100
+ 13 1
+ 13 100
+ 14 1
+ 14 100
+ 15 1
+ 15 100
+ 16 1
+ 16 100
+ 17 1
+ 17 100
+ 18 1
+ 18 100
+ 19 1
+ 19 100
+ 20 1
+ 20 100
+ 21 1
+ 21 100
+ 22 1
+ 22 100
+ 23 1
+ 23 100
+ 24 1
+ 24 100
+ 25 1
+ 25 100
+ 26 1
x 26 75
+ 26 100
+ 27 1
+ 27 100
+ 28 1
+ 28 100
+ 29 1
+ 29 100
+ 30 1
x 30 69
+ 30 100
+ 31 1
x 31 68
+ 31 100
+ 32 1
+ 32 100
+ 33 1
+ 33 100
+ 34 1
+ 34 100
+ 35 1
x 35 67
+ 35 100
+ 36 1
x 36 55
+ 36 100
+ 37 1
+ 37 100
+ 38 1
x 38 51
+ 38 100
+ 39 1
+ 39 100
+ 40 1
+ 40 100
+ 41 1
+ 41 100
+ 42 1
+ 42 100
+ 43 1
+ 43 100
+ 44 1
+ 44 100
+ 45 1
+ 45 100
+ 46 1
+ 46 100
+ 47 1
+ 47 100
+ 48 1
+ 48 100
+ 49 1
+ 49 100
+ 50 1
x 50 37
+ 50 100
+ 51 1
+ 51 100
+ 52 1
+ 52 100
+ 53 1
+ 53 100
+ 54 1
x 54 35
+ 54 100
+ 55 1
+ 55 100
+ 56 1
x 56 25
+ 56 100
+ 57 1
+ 57 100
+ 58 1
+ 58 100
+ 59 1
+ 59 100
+ 60 1
+ 60 100
+ 61 1
+ 61 100
+ 62 1
x 62 20
+ 62 100
+ 63 1
+ 63 100
+ 64 1
+ 64 100
+ 65 1
x 65 15
+ 65 100
+ 66 1
+ 66 100
+ 67 1
x 67 13
+ 67 100
+ 68 1
+ 68 100
+ 69 1
+ 69 100
+ 70 1
o 70 100
+ 71 1
+ 71 100
+ 72 1
+ 72 100
+ 73 1
+ 73 100
+ 74 1
+ 74 100
+ 75 1
+ 75 100
o 76 1
+ 76 100
+ 77 1
+ 77 100
+ 78 1
+ 78 100
+ 79 1
+ 79 100
+ 80 1
+ 80 100
+ 81 1
+ 81 100
+ 82 1
+ 82 100
+ 83 1
+ 83 100
+ 84 1
+ 84 100
+ 85 1
+ 85 100
+ 86 1
+ 86 100
+ 87 1
x 87 9
+ 87 100
+ 88 1
+ 88 100
+ 89 1
+ 89 100
+ 90 1
+ 90 100
+ 91 1
+ 91 100
+ 92 1
+ 92 100
+ 93 1
+ 93 100
+ 94 1
+ 94 100
+ 95 1
+ 95 100
+ 96 1
+ 96 100
+ 97 1
+ 97 100
+ 98 1
+ 98 100
+ 99 1
+ 99 100
x 100 3
Case #24: 267 171
x 1 100
x 2 99
+ 2 100
x 3 98
+ 3 100
x 4 97
+ 4 100
x 5 96
+ 5 100
x 6 95
+ 6 100
x 7 94
+ 7 100
x 8 93
+ 8 100
x 9 92
+ 9 100
x 10 91
+ 10 100
x 11 90
+ 11 100
x 12 89
x 13 88
+ 13 100
x 14 87
+ 14 98
+ 14 100
x 15 86
+ 15 100
x 16 85
x 17 84
+ 17 100
x 18 83
+ 18 98
+ 18 100
x 19 82
+ 19 100
x 20 81
x 21 80
+ 21 100
x 22 79
+ 22 98
+ 22 100
x 23 78
x 24 77
x 25 76
+ 25 98
+ 25 100
x 26 75
+ 26 100
x 27 74
x 28 73
x 29 72
+ 29 98
+ 29 100
x 30 71
+ 30 100
x 31 70
x 32 69
x 33 68
x 34 67
+ 34 98
+ 34 99
+ 34 100
x 35 66
x 36 65
x 37 64
+ 37 100
x 38 63
+ 38 98
+ 38 100
x 39 62
x 40 61
x 41 60
x 42 59
+ 42 99
x 43 58
x 44 57
x 45 56
+ 45 98
+ 45 100
x 46 55
+ 46 98
+ 46 100
x 47 54
x 48 53
x 49 52
+ 49 100
x 50 51
x 51 50
+ 51 99
x 52 49
x 53 48
+ 53 100
x 54 47
x 55 46
+ 55 99
+ 55 100
x 56 45
x 57 44
x 58 43
+ 58 98
+ 58 99
+ 58 100
x 59 42
x 60 41
x 61 40
x 62 39
x 63 38
x 64 37
x 65 36
+ 65 98
+ 65 100
x 66 35
x 67 34
+ 67 99
x 68 33
x 69 32
+ 69 100
x 70 31
+ 70 100
x 71 30
x 72 29
x 73 28
x 74 27
+ 74 100
x 75 26
x 76 25
x 77 24
x 78 23
x 79 22
x 80 21
+ 80 87
x 81 20
x 82 19
x 83 18
x 84 17
x 85 16
x 86 15
x 87 14
x 88 13
x 89 12
x 90 11
x 91 10
+ 91 33
+ 91 37
x 92 9
x 93 8
x 94 7
+ 94 78
x 95 6
+ 95 36
x 96 5
+ 96 39
+ 96 44
+ 96 46
+ 96 52
o 97 4
+ 97 42
+ 97 55
x 98 3
+ 98 63
x 99 2
+ 99 48
+ 99 52
+ 99 60
+ 99 69
x 100 1
+ 100 60
+ 100 62
+ 100 64
Case #25: 19 0
Case #26: 48 0
Case #27: 151 0
Case #28: 17 9
+ 1 1
+ 1 2
+ 1 3
+ 1 5
+ 1 6
o 1 7
x 2 5
x 3 4
x 4 3
Case #29: 139 77
+ 1 1
+ 1 20
o 1 53
+ 2 4
+ 2 5
+ 2 17
+ 2 41
+ 2 43
x 2 51
+ 3 1
+ 3 38
+ 3 43
+ 3 53
+ 4 1
+ 5 39
+ 6 10
+ 6 12
+ 6 16
x 6 49
+ 7 1
+ 7 19
+ 8 1
x 8 45
+ 9 1
+ 10 1
x 10 44
+ 10 53
+ 11 1
x 11 43
+ 12 1
x 12 42
+ 13 1
x 13 38
+ 13 49
+ 14 1
+ 15 53
+ 16 1
x 16 36
o 17 34
x 18 32
+ 19 1
x 19 31
+ 19 50
+ 19 51
+ 22 1
+ 22 52
+ 23 1
x 23 30
x 24 29
+ 24 51
+ 25 2
x 25 23
+ 25 48
+ 25 53
x 27 19
x 28 16
+ 28 52
+ 28 53
x 30 14
x 31 13
+ 31 53
x 32 12
+ 33 1
+ 33 49
+ 34 1
x 34 10
+ 35 1
+ 35 4
x 37 9
+ 39 1
+ 39 3
x 41 8
x 42 6
x 43 5
x 48 4
x 51 2
+ 51 21
Case #30: 122 67
+ 1 1
+ 1 3
+ 1 5
+ 1 9
+ 1 24
+ 1 41
+ 1 43
x 1 44
+ 2 1
+ 2 5
x 2 42
+ 2 43
+ 2 46
+ 3 12
+ 3 46
+ 4 1
+ 4 25
x 4 41
x 7 40
+ 7 43
+ 7 44
+ 7 45
+ 7 46
+ 8 1
x 8 39
x 9 38
+ 10 1
+ 11 1
x 12 37
+ 12 44
+ 12 46
+ 13 1
x 13 32
x 14 31
+ 14 43
x 15 30
+ 15 46
+ 16 1
x 16 29
+ 16 46
x 17 28
+ 17 43
+ 19 3
x 19 27
x 21 26
x 25 25
x 26 24
x 28 23
x 29 22
x 30 21
+ 30 45
+ 31 2
+ 31 41
+ 31 42
+ 31 43
x 33 18
x 34 17
x 35 16
x 36 13
x 37 12
x 41 11
x 42 7
+ 42 28
x 43 2
x 44 1
+ 45 23
+ 46 19
Case #31: 281 213
+ 1 2
x 1 99
+ 1 100
o 2 96
+ 2 97
+ 2 100
+ 3 1
+ 3 6
x 3 92
+ 3 100
x 4 91
+ 4 100
+ 5 1
+ 5 2
x 5 90
x 6 89
+ 7 1
+ 7 14
x 7 88
+ 7 98
+ 7 100
x 8 87
+ 8 98
+ 8 100
+ 10 1
+ 10 19
+ 10 20
+ 10 23
+ 10 25
+ 11 1
+ 11 13
x 11 86
+ 11 98
+ 11 100
+ 12 1
+ 12 98
+ 12 100
x 13 85
x 14 84
+ 15 1
+ 15 2
+ 15 7
+ 15 98
o 15 100
x 16 80
+ 16 98
+ 16 100
+ 17 1
+ 18 1
x 18 79
+ 19 1
x 19 77
+ 19 98
+ 19 100
+ 20 98
+ 20 100
+ 22 1
x 22 76
x 23 75
+ 23 98
+ 23 100
x 24 74
+ 24 98
+ 24 100
+ 25 1
+ 26 1
x 26 71
+ 27 1
x 27 70
+ 27 100
+ 28 98
+ 28 100
+ 30 1
x 30 68
+ 31 1
x 31 66
+ 31 98
+ 31 100
x 32 65
+ 32 98
+ 32 100
+ 33 1
x 33 64
+ 35 98
+ 35 100
+ 36 98
+ 36 100
+ 37 1
x 37 63
x 38 62
x 39 60
+ 39 98
+ 39 100
+ 40 1
+ 40 2
x 40 59
+ 40 100
x 41 57
+ 42 1
x 42 56
+ 43 1
x 43 55
+ 43 98
+ 43 100
+ 44 1
x 44 54
+ 44 98
+ 44 100
+ 46 1
x 46 51
+ 47 1
+ 47 98
+ 47 100
x 48 50
+ 48 100
+ 49 1
x 49 49
x 50 48
+ 51 1
x 51 47
+ 51 98
+ 51 100
x 52 46
+ 52 100
+ 53 1
+ 53 2
x 53 44
x 55 42
+ 55 98
+ 55 100
x 56 41
+ 56 98
+ 56 100
x 59 40
+ 59 98
+ 59 100
+ 60 1
x 60 39
+ 60 98
+ 60 100
x 61 38
+ 63 1
+ 63 2
+ 63 3
x 63 37
x 64 36
+ 64 99
+ 64 100
x 65 35
+ 66 1
x 66 33
+ 67 1
x 67 32
+ 67 100
+ 68 1
+ 68 98
+ 68 100
+ 69 1
x 69 31
+ 70 1
+ 72 23
x 72 30
+ 72 98
+ 72 99
+ 72 100
x 73 28
+ 74 1
x 74 27
+ 75 1
+ 75 18
x 75 26
+ 75 98
+ 75 100
+ 76 1
+ 76 93
+ 76 98
+ 76 100
+ 77 1
+ 77 19
x 77 22
+ 78 7
x 78 20
+ 79 1
+ 79 2
x 79 17
+ 79 98
+ 79 100
x 80 16
+ 80 100
+ 81 1
x 82 15
+ 83 11
+ 83 95
x 84 14
+ 84 98
+ 84 100
+ 86 2
x 86 10
+ 86 39
+ 87 5
x 88 9
x 89 7
x 93 6
x 96 5
x 97 3
+ 97 41
+ 97 53
x 98 2
+ 98 64
+ 99 62
x 100 1
+ 100 46
+ 100 65
Case #32: 79 44
+ 1 2
+ 1 4
+ 1 21
+ 1 27
+ 2 23
+ 2 24
x 2 29
+ 2 30
+ 3 1
x 3 28
+ 3 30
+ 5 1
x 5 23
+ 6 1
+ 6 30
+ 7 1
+ 7 30
+ 9 1
+ 12 1
+ 12 28
+ 12 30
+ 13 1
x 13 22
+ 14 1
+ 15 1
x 15 21
x 16 20
+ 17 29
+ 17 30
x 19 14
x 20 10
+ 20 29
+ 20 30
x 21 9
+ 22 1
+ 22 26
x 23 8
x 24 5
x 26 3
+ 28 10
x 29 2
+ 29 10
+ 29 14
x 30 1
Case #33: 295 288
+ 1 96
+ 1 99
o 1 100
+ 2 1
x 2 99
+ 3 1
x 3 98
+ 3 100
+ 4 1
x 4 97
+ 4 98
+ 4 100
+ 5 1
x 5 96
+ 6 1
x 6 95
+ 7 1
+ 7 8
+ 7 10
x 7 94
+ 7 98
+ 7 100
+ 8 1
x 8 93
+ 8 98
+ 8 100
+ 9 1
x 9 92
+ 10 1
x 10 91
+ 11 1
x 11 90
+ 11 100
+ 12 1
x 12 89
+ 12 98
+ 12 100
+ 13 1
x 13 88
+ 13 100
x 14 87
+ 15 1
x 15 86
+ 15 100
x 16 85
+ 16 98
+ 16 100
+ 17 1
x 17 84
+ 17 100
+ 18 1
x 18 83
+ 19 1
x 19 82
+ 19 100
+ 20 1
x 20 81
+ 20 98
+ 20 100
+ 21 1
x 21 80
+ 21 100
+ 22 1
x 22 79
+ 23 1
+ 23 25
x 23 78
+ 23 100
+ 24 1
x 24 77
+ 24 100
+ 25 1
x 25 76
+ 25 100
+ 26 1
x 26 75
+ 26 100
+ 27 1
x 27 74
+ 27 100
+ 28 1
x 28 73
+ 28 100
+ 29 1
x 29 72
+ 29 100
+ 30 1
x 30 71
+ 30 100
+ 31 1
x 31 70
+ 31 100
+ 32 1
x 32 69
+ 32 100
+ 33 1
x 33 68
x 34 67
+ 34 100
+ 35 1
x 35 66
+ 35 98
+ 35 100
+ 36 1
x 36 65
+ 37 1
x 37 64
+ 37 99
+ 38 1
x 38 63
+ 39 1
x 39 62
+ 39 98
+ 39 100
+ 40 1
x 40 61
+ 40 98
+ 40 100
+ 41 1
x 41 60
+ 42 1
x 42 59
+ 43 1
x 43 58
+ 43 98
+ 43 100
+ 44 1
x 44 57
+ 44 98
+ 44 100
+ 45 1
x 45 56
+ 46 1
x 46 55
x 47 54
+ 47 98
+ 47 100
+ 48 1
x 48 53
+ 48 98
+ 48 100
+ 49 1
x 49 52
+ 50 1
x 50 51
x 51 50
+ 51 98
+ 51 100
+ 52 1
x 52 49
+ 52 100
+ 53 1
x 53 48
+ 54 1
x 54 47
+ 54 100
+ 55 1
x 55 46
+ 55 98
+ 55 100
+ 56 1
x 56 45
+ 56 100
+ 57 1
x 57 44
+ 58 1
x 58 43
+ 58 100
+ 59 1
x 59 42
+ 59 98
+ 59 100
+ 60 1
x 60 41
+ 60 100
+ 61 1
x 61 40
+ 62 1
x 62 39
+ 62 100
+ 63 1
x 63 38
+ 63 98
+ 63 100
+ 64 1
x 64 37
+ 64 100
+ 65 1
x 65 36
+ 66 1
x 66 35
+ 66 100
+ 67 1
x 67 34
+ 67 100
+ 68 1
x 68 33
+ 68 100
+ 69 1
x 69 32
+ 69 100
+ 70 1
x 70 31
+ 70 100
+ 71 1
x 71 30
+ 71 100
+ 72 1
x 72 29
+ 72 100
+ 73 1
x 73 28
+ 73 100
+ 74 1
x 74 27
+ 74 100
+ 75 1
x 75 26
+ 75 100
+ 76 1
x 76 25
+ 76 100
x 77 24
+ 77 100
+ 78 1
x 78 23
+ 78 100
+ 79 1
x 79 22
+ 79 100
+ 80 1
x 80 21
+ 80 100
+ 81 1
x 81 20
+ 81 100
+ 82 1
x 82 19
+ 82 100
+ 83 1
x 83 18
+ 83 100
+ 84 1
x 84 17
+ 84 100
+ 85 1
x 85 16
+ 85 100
+ 86 1
x 86 15
+ 86 100
+ 87 1
x 87 14
+ 87 100
+ 88 1
x 88 13
+ 88 100
+ 89 1
x 89 12
+ 89 100
x 90 11
+ 90 100
+ 91 1
x 91 10
+ 91 100
+ 92 1
x 92 9
+ 92 100
+ 93 1
x 93 8
+ 93 100
+ 94 1
x 94 7
+ 94 100
+ 95 1
x 95 6
+ 95 100
x 96 5
+ 96 100
+ 97 1
x 97 4
x 98 3
x 99 2
+ 99 10
+ 99 23
+ 99 66
x 100 1
+ 100 50
Case #34: 269 169
+ 1 75
x 1 100
x 2 99
+ 2 100
x 3 98
+ 3 100
x 4 97
+ 4 100
+ 5 19
+ 5 25
x 5 96
+ 5 100
x 6 95
+ 6 100
x 7 94
+ 7 100
x 8 93
+ 8 100
x 9 92
+ 9 100
x 10 91
+ 10 100
x 11 90
+ 11 100
x 12 89
+ 12 100
x 13 88
x 14 87
+ 14 100
x 15 86
+ 15 98
+ 15 100
x 16 85
+ 16 100
x 17 84
+ 18 100
+ 19 98
+ 19 100
x 20 83
+ 20 100
+ 21 2
x 21 82
x 22 81
+ 22 100
x 23 80
+ 23 98
+ 23 100
x 24 79
+ 24 100
x 25 78
x 26 77
x 27 76
+ 27 100
+ 28 1
x 28 75
+ 28 98
+ 28 100
x 29 74
x 31 73
+ 31 98
+ 31 100
x 32 71
+ 32 98
+ 32 100
x 33 69
x 35 68
+ 35 100
x 36 67
+ 36 100
x 37 65
x 38 64
x 39 63
x 40 62
+ 40 98
+ 40 99
+ 40 100
x 41 61
x 42 60
x 43 59
x 44 58
+ 44 98
+ 44 99
+ 44 100
+ 45 1
x 45 57
x 47 56
x 48 55
+ 48 98
+ 48 99
+ 48 100
x 49 54
x 50 53
x 51 52
+ 51 100
+ 52 2
x 52 51
+ 53 99
x 54 50
x 55 49
x 56 48
+ 56 99
+ 57 99
x 58 47
x 59 46
+ 59 98
+ 59 100
x 60 45
x 61 44
+ 62 100
+ 63 3
x 63 43
+ 63 100
x 64 42
+ 64 100
x 65 41
x 66 40
x 67 38
x 68 37
+ 68 100
x 69 36
+ 69 100
x 70 34
+ 71 10
x 71 33
+ 71 100
x 72 32
x 73 31
+ 73 99
x 74 30
x 75 29
x 76 28
x 77 25
x 78 23
x 79 22
x 80 21
x 81 20
x 82 19
x 83 17
x 84 16
x 85 15
x 86 14
x 87 13
x 88 12
x 90 11
x 91 10
x 92 9
+ 92 33
x 93 8
x 94 6
+ 94 40
+ 95 38
+ 95 50
x 96 4
+ 96 41
+ 96 45
+ 96 53
x 97 3
+ 97 56
x 98 2
+ 99 51
x 100 1
+ 100 54
+ 100 58
+ 100 60
+ 100 61
+ 100 65
+ 100 66
+ 100 67
+ 100 70
Case #35: 271 170
+ 1 3
+ 2 19
+ 2 93
o 2 100
x 3 99
+ 3 100
x 4 98
+ 4 100
x 5 97
+ 5 100
x 6 96
+ 7 100
x 8 95
+ 8 98
+ 8 100
+ 9 1
x 10 94
x 11 92
+ 11 100
x 12 91
+ 12 100
x 13 90
x 14 89
+ 15 5
x 15 88
x 16 87
+ 16 98
+ 16 99
+ 16 100
x 17 85
x 19 84
+ 19 98
+ 19 100
x 20 82
+ 20 98
+ 20 100
+ 21 1
x 22 81
x 23 80
+ 23 98
+ 23 100
x 24 79
+ 24 98
+ 24 100
x 25 78
x 26 77
x 27 76
+ 27 98
+ 27 100
+ 28 98
+ 28 100
x 29 75
x 30 74
x 31 71
+ 31 98
+ 31 100
x 32 70
x 33 69
+ 33 99
x 34 68
x 35 66
x 36 65
+ 36 98
+ 36 99
+ 36 100
+ 37 2
x 37 64
x 38 63
+ 39 98
+ 39 100
x 40 62
+ 40 100
x 42 61
x 43 60
+ 43 100
x 44 59
+ 44 100
x 45 58
x 46 57
x 47 56
+ 47 98
+ 47 100
x 48 55
+ 48 100
x 49 54
x 50 53
x 51 51
+ 51 98
+ 51 100
+ 52 1
x 52 49
+ 52 100
x 53 48
x 55 47
+ 55 100
x 56 45
+ 56 98
+ 56 100
+ 59 1
+ 59 100
x 60 44
+ 60 98
+ 60 100
+ 61 1
x 61 43
+ 62 1
x 63 42
x 64 41
x 65 38
+ 66 1
x 66 37
+ 66 100
+ 67 5
+ 67 11
x 67 36
+ 67 98
+ 67 100
x 68 34
x 69 32
x 70 31
x 71 30
+ 72 99
x 73 29
x 74 28
x 75 27
+ 75 98
+ 75 100
x 76 25
+ 76 96
x 77 24
+ 78 11
x 78 22
x 79 21
+ 79 100
x 81 20
x 82 17
+ 82 28
x 83 16
+ 83 26
+ 84 29
x 85 14
x 86 13
x 87 12
x 88 11
x 89 10
x 90 9
+ 90 40
x 92 8
x 93 7
+ 93 40
+ 93 45
+ 93 49
x 94 6
+ 94 47
+ 94 52
+ 95 55
x 97 5
x 98 4
+ 98 65
+ 98 70
+ 98 71
+ 98 72
x 99 3
+ 99 54
x 100 1
+ 100 57
+ 100 61
+ 100 62
+ 100 64
+ 100 77
Case #36: 16 8
+ 1 6
+ 2 1
o 2 6
x 3 5
+ 4 6
x 5 4
+ 5 6
o 6 3
Case #37: 265 167
x 1 100
x 2 99
+ 2 100
x 3 98
+ 3 100
x 4 97
+ 4 100
x 5 96
+ 5 100
x 6 95
+ 6 100
x 7 94
+ 7 100
x 8 93
+ 8 100
x 9 92
+ 9 100
x 10 91
+ 10 100
x 11 90
+ 11 100
x 12 89
+ 12 100
x 13 88
+ 13 100
x 14 87
+ 14 100
x 15 86
+ 15 100
x 16 85
+ 16 100
x 17 84
+ 17 100
x 18 83
+ 18 100
x 19 82
x 20 81
+ 20 100
x 21 80
x 22 79
x 23 78
+ 23 98
+ 23 100
x 24 77
x 25 76
+ 25 99
x 26 75
x 27 74
+ 27 98
+ 27 100
x 28 73
+ 28 98
+ 28 100
x 29 72
x 30 71
x 31 70
+ 31 98
+ 31 100
x 32 69
x 33 68
+ 33 99
x 34 67
x 35 66
+ 35 98
+ 35 100
x 36 65
+ 36 100
x 37 64
x 38 63
x 39 62
+ 39 98
+ 39 100
x 40 61
+ 40 98
+ 40 100
x 41 60
x 42 59
x 43 58
x 44 57
+ 44 98
+ 44 100
x 45 56
x 46 55
x 47 54
+ 47 100
x 48 53
x 49 52
+ 49 99
x 50 51
x 51 50
+ 51 98
+ 51 100
x 52 49
+ 52 100
x 53 48
x 54 47
x 55 46
+ 55 100
x 56 45
+ 56 100
x 57 44
x 58 43
x 59 42
x 60 41
x 61 40
x 62 39
x 63 38
x 64 37
x 65 36
x 66 35
x 67 34
+ 67 98
+ 67 100
x 68 33
x 69 32
x 70 31
+ 70 94
x 71 30
+ 71 98
+ 71 100
x 72 29
x 73 28
x 74 27
x 75 26
x 76 25
x 77 24
x 78 23
x 79 22
x 80 21
x 81 20
x 82 19
x 83 18
x 84 17
x 85 16
x 86 15
x 87 14
x 88 13
x 89 12
x 90 11
+ 90 29
x 91 10
+ 91 31
x 92 9
+ 92 42
x 93 8
+ 93 37
x 94 7
+ 94 69
o 95 6
x 96 5
+ 96 65
x 97 4
+ 97 46
+ 97 48
+ 97 49
+ 97 62
+ 97 65
x 98 3
+ 98 52
x 99 2
+ 99 54
+ 99 55
+ 99 61
x 100 1
+ 100 41
+ 100 57
+ 100 58
Case #38: 139 0
Case #39: 285 214
+ 1 3
+ 1 98
+ 1 99
+ 1 100
+ 2 5
x 2 100
+ 4 1
+ 4 98
+ 4 100
+ 5 98
x 5 99
+ 5 100
+ 6 2
+ 7 12
x 7 98
+ 8 98
+ 8 100
+ 9 1
x 9 95
+ 9 98
+ 9 100
+ 10 1
+ 10 3
+ 10 17
x 10 93
+ 11 1
x 12 91
+ 13 1
x 13 90
+ 13 98
+ 13 99
+ 13 100
+ 14 1
x 14 88
x 15 87
+ 16 1
x 16 86
+ 16 98
+ 16 100
+ 17 1
x 17 84
+ 18 99
x 19 82
+ 20 1
x 20 80
+ 20 98
+ 20 100
+ 21 1
x 21 79
+ 21 98
+ 21 100
+ 22 1
+ 23 1
x 23 78
+ 24 1
x 24 77
+ 24 98
+ 24 100
x 25 75
+ 25 98
+ 25 100
x 26 74
+ 27 1
x 28 73
+ 28 98
+ 28 100
+ 29 1
x 29 72
+ 29 98
+ 29 100
x 30 70
+ 31 1
+ 32 98
+ 32 100
+ 33 1
x 33 69
+ 33 98
+ 33 100
x 34 68
+ 36 1
x 36 65
+ 36 98
+ 36 100
+ 37 1
x 37 63
+ 37 98
+ 37 100
+ 38 1
x 39 61
x 41 60
x 42 59
+ 42 99
+ 44 1
x 44 58
+ 44 98
+ 44 100
+ 45 1
x 45 57
+ 45 98
+ 45 100
x 46 55
+ 47 1
x 47 53
x 48 49
+ 48 98
+ 48 100
+ 49 1
x 49 48
+ 49 98
+ 49 100
+ 50 1
+ 51 1
+ 52 1
+ 52 98
+ 52 100
+ 53 1
x 53 46
+ 53 98
+ 53 100
+ 54 1
x 54 45
+ 55 1
x 55 43
+ 56 98
+ 56 100
x 57 41
+ 57 98
+ 57 100
+ 58 1
+ 58 3
x 58 40
+ 60 100
+ 61 1
+ 61 98
+ 61 100
+ 62 1
+ 63 1
x 63 39
x 64 38
+ 65 99
+ 66 3
+ 67 1
x 67 37
x 68 35
+ 68 100
+ 69 1
+ 69 98
+ 69 100
+ 70 1
x 70 32
+ 71 1
x 71 31
+ 72 1
x 72 29
+ 72 98
+ 72 100
x 73 27
+ 73 100
+ 74 1
x 74 26
+ 75 1
x 75 24
+ 75 100
x 76 22
+ 76 100
+ 77 1
x 77 21
x 78 20
+ 78 99
+ 79 1
+ 80 35
+ 80 98
+ 80 100
x 82 18
+ 82 99
+ 83 1
+ 83 2
x 83 15
x 84 14
+ 84 100
+ 85 6
+ 85 8
+ 85 10
+ 85 13
+ 85 94
+ 86 97
+ 86 99
+ 87 1
+ 87 23
o 88 4
+ 88 8
+ 88 100
+ 89 1
x 89 13
+ 89 93
+ 89 97
+ 90 49
x 91 10
x 92 9
x 94 7
x 95 6
x 96 5
x 97 3
+ 97 68
x 98 2
+ 98 40
+ 98 42
+ 98 65
+ 99 59
+ 99 72
+ 99 75
x 100 1
+ 100 62
+ 100 66
Case #40: 62 0
Case #41: 130 70
+ 1 24
+ 1 26
+ 1 34
+ 1 41
o 1 45
+ 2 43
+ 2 47
+ 2 49
+ 3 30
x 3 44
+ 3 49
+ 4 1
+ 4 11
+ 5 1
x 5 41
x 6 39
+ 7 1
+ 7 49
x 8 38
+ 9 1
x 9 34
+ 9 46
+ 10 1
+ 10 3
+ 10 49
+ 11 1
x 11 33
+ 11 49
+ 13 1
x 13 31
+ 13 49
x 15 30
+ 15 49
+ 17 1
+ 18 1
x 18 23
+ 18 47
+ 18 49
+ 19 1
+ 19 4
+ 21 1
x 21 22
+ 21 49
x 22 21
x 24 20
+ 27 47
+ 28 49
x 30 19
+ 31 49
+ 35 1
+ 35 3
x 36 17
x 37 16
o 39 15
+ 39 37
+ 39 43
+ 39 45
+ 39 47
+ 39 49
x 40 14
x 41 12
x 42 10
x 43 8
x 44 7
x 45 6
x 46 4
+ 47 19
x 48 3
+ 48 10
+ 49 23
Case #42: 200 109
+ 1 1
+ 1 5
+ 1 6
+ 1 8
+ 1 36
+ 1 51
+ 1 64
+ 1 70
+ 1 72
o 1 73
+ 2 1
+ 2 3
+ 2 10
+ 2 13
+ 2 19
+ 2 21
+ 2 23
+ 2 25
+ 2 53
+ 2 54
+ 2 55
+ 2 57
+ 2 64
+ 4 49
x 5 71
+ 5 75
x 6 70
x 7 68
+ 7 75
+ 8 18
+ 9 1
+ 9 75
+ 10 1
x 10 63
+ 10 75
x 11 61
+ 11 75
+ 12 1
x 12 58
+ 14 2
x 14 56
x 15 54
+ 15 72
+ 15 73
+ 15 74
+ 15 75
+ 17 1
x 17 53
+ 19 1
x 19 52
+ 19 75
+ 21 1
+ 21 75
x 22 51
+ 23 1
x 23 48
+ 27 1
x 27 40
+ 27 74
+ 27 75
+ 28 1
x 28 38
+ 29 1
x 29 36
+ 30 73
+ 31 1
+ 31 75
x 32 33
+ 35 1
+ 35 3
+ 35 72
x 36 32
+ 36 74
+ 36 75
x 38 31
x 39 29
+ 39 69
+ 40 1
x 40 27
+ 41 1
x 41 26
+ 41 75
+ 42 4
+ 42 75
+ 43 75
+ 44 1
x 45 24
+ 47 1
x 47 23
+ 47 75
+ 48 75
+ 50 1
x 50 22
x 51 18
x 53 15
+ 53 73
+ 54 70
x 55 11
x 57 10
o 60 8
x 62 7
x 64 6
x 67 5
x 69 4
x 71 2
+ 73 36
+ 74 24
x 75 1
+ 75 46
Case #43: 123 0
Case #44: 268 171
x 1 100
x 2 99
+ 2 100
x 3 98
+ 3 100
x 4 97
+ 4 100
x 5 96
+ 5 100
x 6 95
+ 6 100
x 7 94
+ 7 100
x 8 93
+ 8 100
x 9 92
+ 9 100
x 10 91
+ 10 100
x 11 90
+ 11 100
x 12 89
+ 12 100
x 13 88
+ 13 100
x 14 87
+ 14 100
x 15 86
+ 15 100
x 16 85
+ 16 100
x 17 84
+ 17 100
x 18 83
+ 18 100
x 19 82
x 20 81
+ 20 100
x 21 80
+ 21 100
x 22 79
x 23 78
+ 23 99
x 24 77
x 25 76
+ 25 100
x 26 75
+ 26 98
+ 26 100
x 27 74
x 28 73
x 29 72
+ 29 98
+ 29 100
x 30 71
+ 30 98
+ 30 100
x 31 70
x 32 69
x 33 68
+ 33 100
x 34 67
+ 34 100
x 35 66
x 36 65
x 37 64
+ 37 100
x 38 63
x 39 62
x 40 61
x 41 60
x 42 59
+ 42 98
+ 42 100
x 43 58
x 44 57
x 45 56
+ 45 100
x 46 55
x 47 54
x 48 53
x 49 52
x 50 51
+ 50 98
+ 50 99
+ 50 100
x 51 50
x 52 49
x 53 48
x 54 47
+ 54 99
x 55 46
x 56 45
x 57 44
+ 57 100
x 58 43
x 59 42
+ 59 99
x 60 41
x 61 40
x 62 39
+ 62 99
x 63 38
+ 63 99
x 64 37
x 65 36
+ 65 98
+ 65 100
x 66 35
+ 66 100
x 67 34
+ 67 97
x 68 33
x 69 32
+ 69 100
x 70 31
x 71 30
x 72 29
x 73 28
+ 73 100
x 74 27
x 75 26
x 76 25
x 77 24
x 78 23
x 79 22
x 80 21
x 81 20
x 82 19
x 83 18
+ 83 94
x 84 17
o 85 16
x 86 15
x 87 14
x 88 13
x 89 12
x 90 11
x 91 10
+ 91 28
+ 91 32
x 92 9
x 93 8
+ 93 38
x 94 7
+ 94 41
+ 94 53
x 95 6
+ 95 37
+ 95 44
+ 95 46
+ 95 48
+ 95 56
+ 95 80
x 96 5
+ 96 40
+ 96 42
+ 96 59
x 97 4
+ 97 62
x 98 3
+ 98 46
+ 98 48
+ 98 56
+ 98 58
+ 98 73
x 99 2
+ 99 61
+ 99 68
x 100 1
+ 100 52
Case #45: 264 167
x 1 100
x 2 99
+ 2 100
x 3 98
+ 3 100
x 4 97
+ 4 100
x 5 96
+ 5 100
x 6 95
+ 6 100
x 7 94
+ 7 100
x 8 93
x 9 92
+ 9 99
+ 9 100
x 10 91
x 11 90
+ 11 100
x 12 89
+ 12 100
x 13 88
+ 13 100
x 14 87
x 15 86
+ 15 100
x 16 85
+ 16 98
+ 16 100
x 17 84
+ 17 100
x 18 83
x 19 82
x 20 81
+ 20 100
x 21 80
x 22 79
x 23 78
+ 23 98
+ 23 100
x 24 77
+ 24 98
+ 24 100
x 25 76
x 26 75
x 27 74
+ 27 100
x 28 73
+ 28 98
+ 28 100
x 29 72
x 30 71
x 31 70
x 32 69
+ 32 98
+ 32 99
+ 32 100
x 33 68
x 34 67
x 35 66
x 36 65
x 37 64
+ 37 99
x 38 63
o 39 62
+ 39 100
x 40 61
+ 40 98
+ 40 100
x 41 60
x 42 59
x 43 58
+ 43 98
+ 43 100
x 44 57
+ 44 98
+ 44 100
x 45 56
x 46 55
x 47 54
+ 47 100
x 48 53
+ 48 98
+ 48 100
x 49 52
x 50 51
x 51 50
+ 51 98
+ 51 100
x 52 49
+ 52 98
+ 52 100
x 53 48
x 54 47
x 55 46
+ 55 100
x 56 45
x 57 44
+ 57 99
x 58 43
x 59 42
x 60 41
+ 60 99
x 61 40
x 62 39
x 63 38
+ 63 98
+ 63 100
x 64 37
+ 64 98
+ 64 100
x 65 36
x 66 35
x 67 34
+ 67 98
+ 67 100
x 68 33
x 69 32
x 70 31
x 71 30
x 72 29
x 73 28
x 74 27
x 75 26
x 76 25
x 77 24
x 78 23
x 79 22
+ 79 89
x 80 21
x 81 20
x 82 19
x 83 18
x 84 17
+ 84 26
+ 84 34
x 85 16
x 86 15
x 87 14
x 88 13
x 89 12
+ 89 30
x 90 11
x 91 10
+ 91 34
+ 91 43
x 92 9
+ 92 37
x 93 8
+ 93 40
+ 93 42
+ 93 44
x 94 7
x 95 6
x 96 5
+ 96 49
x 97 4
+ 97 60
x 98 3
+ 98 62
x 99 2
+ 99 54
+ 99 59
+ 99 67
x 100 1
+ 100 54
Case #46: 238 0
Case #47: 267 167
x 1 100
+ 2 93
x 2 99
+ 2 100
x 3 98
+ 3 100
x 4 97
+ 5 100
x 6 96
+ 6 98
+ 6 100
x 7 95
+ 7 100
x 8 94
x 9 93
x 10 92
+ 10 98
+ 10 100
+ 11 98
+ 11 100
x 12 91
x 13 90
x 14 89
+ 14 98
+ 14 100
x 15 88
+ 15 98
+ 15 100
x 16 87
x 17 86
x 18 85
x 19 84
+ 19 98
+ 19 99
+ 19 100
x 21 83
x 22 82
+ 22 98
+ 22 100
x 23 81
+ 23 98
+ 23 100
x 24 79
x 25 78
x 26 76
+ 26 98
+ 26 100
x 27 75
+ 27 98
+ 27 100
x 28 74
x 29 73
x 30 72
+ 30 98
+ 30 100
x 31 71
+ 31 100
x 32 70
x 33 69
x 34 68
+ 34 98
+ 34 100
x 35 67
x 36 66
+ 36 99
x 37 65
x 38 64
+ 38 100
x 39 63
x 40 62
+ 40 99
x 41 61
x 42 59
x 43 58
x 44 56
+ 44 99
x 45 55
x 46 54
x 47 53
+ 47 98
+ 47 99
+ 47 100
o 48 52
x 49 51
x 50 50
+ 50 100
x 51 49
x 52 48
x 53 47
x 54 46
+ 54 100
x 55 45
+ 55 100
x 57 44
x 58 43
+ 58 100
x 59 42
+ 59 98
+ 59 100
x 60 41
x 61 40
x 62 39
x 63 38
x 64 37
+ 65 3
x 65 36
x 66 35
x 67 34
x 68 33
x 69 32
x 71 31
x 72 30
+ 72 99
x 73 29
x 74 28
x 75 27
x 76 26
x 77 25
x 78 24
x 79 22
+ 79 91
x 80 21
x 81 20
x 82 19
x 83 18
x 84 17
x 85 16
x 86 15
x 87 14
x 88 13
x 89 12
x 90 11
x 91 10
+ 91 77
x 92 9
+ 92 24
+ 92 75
+ 92 77
x 93 8
+ 93 72
x 94 7
+ 94 70
+ 94 72
x 95 6
+ 95 34
+ 95 67
x 96 5
+ 96 37
+ 96 41
x 97 4
+ 97 44
x 98 3
+ 98 38
+ 98 54
+ 98 58
+ 98 62
x 99 2
+ 99 41
+ 99 43
+ 99 45
+ 99 49
x 100 1
+ 100 49
+ 100 51
+ 100 53
+ 100 61
+ 100 63
Case #48: 111 59
+ 1 3
+ 1 26
+ 1 28
+ 1 37
+ 1 39
x 1 41
+ 1 42
+ 2 1
+ 2 37
x 2 39
+ 3 4
+ 3 6
+ 4 1
x 5 37
+ 5 42
x 7 35
+ 8 14
x 8 34
+ 8 38
+ 9 1
x 9 33
+ 9 42
+ 10 42
+ 11 1
+ 11 5
+ 12 1
x 12 27
+ 12 41
+ 13 1
x 14 23
+ 14 42
x 15 22
+ 16 1
+ 17 1
x 18 21
+ 19 1
x 20 17
+ 22 1
+ 23 42
+ 24 42
x 26 16
x 27 15
+ 27 40
+ 28 42
x 29 14
+ 30 2
x 30 13
+ 30 42
x 31 12
x 32 8
+ 32 42
+ 33 1
+ 34 42
x 36 5
x 37 4
x 39 3
+ 39 15
+ 41 19
x 42 1
Case #49: 194 0
Case #50: 13 5
+ 1 1
+ 1 5
+ 2 1
+ 3 5
o 4 5
Case #51: 276 175
+ 2 95
+ 2 96
+ 2 100
+ 3 100
o 4 100
+ 5 100
x 6 97
x 7 95
+ 8 4
+ 8 98
+ 8 100
+ 9 1
x 9 94
+ 9 98
+ 9 100
+ 10 15
x 11 92
x 12 91
+ 12 98
+ 12 100
+ 13 98
+ 13 100
+ 15 1
x 15 89
x 16 88
+ 16 98
+ 16 100
x 17 87
+ 17 100
x 18 86
+ 19 3
x 19 85
x 20 84
+ 20 98
+ 20 100
+ 21 98
+ 21 100
+ 22 1
x 22 83
x 23 82
x 24 81
+ 24 100
+ 25 98
+ 25 100
+ 26 1
+ 27 1
x 27 77
x 28 76
+ 28 98
+ 28 100
+ 29 98
+ 29 100
x 30 75
+ 31 1
+ 31 2
x 32 74
+ 32 100
+ 33 1
x 33 73
+ 33 100
x 34 71
+ 35 1
x 36 70
+ 36 98
+ 36 100
x 37 68
x 38 67
+ 38 99
x 39 65
+ 40 98
+ 40 100
+ 41 100
+ 42 1
x 42 64
x 43 60
x 44 59
+ 44 98
+ 44 100
+ 45 100
+ 46 1
x 46 57
x 47 56
x 48 53
+ 49 1
x 49 52
+ 49 99
+ 50 99
+ 51 1
x 51 51
+ 52 1
x 52 50
+ 52 98
+ 52 100
x 53 47
+ 53 100
+ 55 3
x 55 46
x 56 45
+ 56 98
+ 56 100
+ 57 98
+ 57 100
+ 58 1
+ 59 1
+ 60 98
+ 60 100
+ 62 1
x 62 44
+ 62 99
x 63 43
x 64 42
+ 65 1
x 66 41
+ 66 99
+ 66 100
x 67 40
x 68 39
+ 68 100
x 69 38
x 70 37
+ 70 99
x 71 35
+ 72 1
+ 73 1
x 73 33
+ 74 1
+ 75 1
+ 76 10
x 76 32
+ 77 7
+ 77 98
+ 77 99
+ 77 100
+ 78 2
+ 78 95
+ 79 17
x 79 31
+ 80 5
x 80 30
+ 81 14
x 81 29
x 83 27
+ 83 97
x 84 25
+ 84 90
+ 84 94
x 86 23
x 87 21
+ 87 43
x 89 19
+ 90 25
+ 91 31
x 92 17
+ 93 53
x 94 15
x 95 12
+ 95 40
x 96 9
+ 96 43
+ 96 47
x 97 8
+ 97 34
+ 97 50
+ 97 54
+ 97 75
x 98 6
x 99 4
+ 99 60
+ 99 71
+ 99 72
x 100 3
+ 100 62
+ 100 63
+ 100 64
+ 100 67
Case #52: 86 0
Case #53: 172 94
+ 1 2
+ 1 3
+ 1 4
+ 1 5
+ 1 9
+ 1 11
+ 1 28
+ 1 47
+ 1 61
+ 1 62
+ 1 64
o 1 65
+ 2 7
+ 2 14
+ 2 23
+ 2 54
+ 2 58
x 2 60
+ 3 20
+ 3 48
o 3 56
+ 3 65
+ 4 42
+ 5 52
x 5 55
+ 6 1
x 6 54
+ 6 63
+ 6 65
+ 7 1
+ 7 65
x 10 52
+ 10 65
+ 13 1
x 14 51
+ 14 63
+ 14 65
+ 15 63
+ 15 65
+ 16 1
x 16 50
x 17 49
+ 18 1
+ 18 2
+ 20 61
+ 24 2
x 24 45
x 25 43
+ 25 58
+ 25 65
+ 26 1
+ 26 63
+ 26 65
x 28 39
x 29 36
+ 30 1
x 30 35
x 31 34
+ 31 65
+ 32 1
+ 32 2
x 32 33
x 33 32
+ 33 65
+ 34 63
x 35 31
x 36 30
+ 37 1
+ 37 63
+ 38 1
x 38 29
+ 39 1
x 39 27
x 40 22
+ 41 1
+ 41 64
+ 42 3
x 44 21
x 45 19
x 47 18
x 49 17
x 50 16
x 51 15
x 54 13
x 55 12
x 56 11
x 60 10
x 61 6
x 62 5
+ 63 29
+ 63 43
+ 64 31
x 65 4
+ 65 39
Case #54: 264 169
x 1 100
x 2 99
+ 2 100
x 3 98
+ 3 100
x 4 97
+ 4 100
x 5 96
+ 5 100
x 6 95
+ 6 100
x 7 94
+ 7 100
x 8 93
+ 8 100
x 9 92
+ 9 100
x 10 91
+ 10 100
x 11 90
+ 11 100
x 12 89
+ 12 100
x 13 88
+ 13 100
x 14 87
+ 14 100
x 15 86
+ 15 100
x 16 85
+ 16 100
x 17 84
+ 17 100
x 18 83
x 19 82
+ 19 99
+ 19 100
x 20 81
x 21 80
+ 21 100
x 22 79
+ 22 98
+ 22 100
x 23 78
x 24 77
x 25 76
+ 25 98
+ 25 100
x 26 75
+ 26 98
+ 26 100
x 27 74
x 28 73
x 29 72
+ 29 98
+ 29 100
x 30 71
+ 30 98
+ 30 100
x 31 70
x 32 69
x 33 68
+ 33 98
+ 33 100
x 34 67
+ 34 98
+ 34 100
x 35 66
x 36 65
x 37 64
+ 37 100
x 38 63
x 39 62
+ 39 99
x 40 61
x 41 60
+ 41 98
+ 41 100
x 42 59
x 43 58
+ 43 99
x 44 57
x 45 56
+ 45 100
o 46 55
+ 46 100
x 47 54
x 48 53
x 49 52
+ 49 98
+ 49 100
x 50 51
+ 50 100
x 51 50
x 52 49
x 53 48
x 54 47
+ 54 99
x 55 46
+ 55 99
x 56 45
x 57 44
x 58 43
+ 58 99
+ 58 100
x 59 42
x 60 41
x 61 40
x 62 39
x 63 38
+ 63 99
x 64 37
x 65 36
x 66 35
x 67 34
x 68 33
x 69 32
x 70 31
x 71 30
+ 71 96
+ 71 98
x 72 29
x 73 28
x 74 27
+ 74 96
x 75 26
x 76 25
x 77 24
x 78 23
x 79 22
x 80 21
x 81 20
x 82 19
x 83 18
x 84 17
x 85 16
x 86 15
x 87 14
x 88 13
x 89 12
x 90 11
x 91 10
x 92 9
+ 92 73
x 93 8
+ 93 70
x 94 7
x 95 6
+ 95 66
+ 95 71
+ 95 73
x 96 5
+ 96 63
x 97 4
+ 97 38
+ 97 39
+ 97 46
+ 97 47
x 98 3
+ 98 42
+ 98 50
+ 98 66
x 99 2
+ 99 53
x 100 1
+ 100 51
+ 100 55
+ 100 56
+ 100 60
Case #55: 153 89
+ 1 37
+ 1 38
+ 1 48
+ 1 50
+ 1 52
+ 1 55
+ 1 56
+ 1 57
+ 2 1
+ 2 6
+ 2 43
+ 2 44
+ 2 45
+ 2 48
+ 2 50
+ 2 52
x 2 55
+ 3 4
+ 3 6
+ 3 10
x 3 54
+ 4 1
+ 4 13
+ 4 17
+ 4 44
x 4 52
+ 4 57
+ 5 1
+ 5 26
x 5 47
+ 5 57
x 8 45
+ 9 1
x 9 44
+ 10 1
x 11 41
+ 11 55
+ 13 1
+ 13 3
+ 14 1
x 15 39
+ 15 54
+ 16 54
+ 18 1
+ 19 1
x 19 38
x 20 37
x 21 36
+ 21 54
+ 22 2
x 22 34
+ 22 57
x 24 31
+ 25 1
+ 25 4
+ 25 55
+ 25 57
+ 26 1
x 26 28
+ 27 1
+ 29 1
x 30 26
+ 30 57
+ 31 57
+ 32 1
+ 33 1
+ 33 56
+ 33 57
x 35 22
+ 35 57
x 36 19
x 37 17
x 38 15
x 39 14
+ 39 57
x 40 13
x 43 12
+ 44 56
x 45 11
+ 46 52
+ 47 55
+ 47 57
x 48 10
x 51 7
+ 52 22
x 53 6
x 54 5
+ 55 39
x 56 3
Case #56: 178 0
Case #57: 293 236
+ 1 99
o 1 100
+ 2 1
+ 2 97
x 2 99
+ 3 1
x 3 94
+ 3 100
+ 4 1
x 4 93
+ 4 98
+ 4 100
+ 5 1
+ 6 1
x 6 92
+ 7 1
+ 7 98
+ 7 100
+ 8 1
+ 8 98
+ 8 100
+ 9 1
+ 10 1
x 10 91
+ 11 1
x 11 89
+ 11 98
+ 11 100
+ 12 1
+ 12 98
+ 12 100
+ 13 1
+ 13 15
x 13 88
+ 14 1
+ 15 1
x 15 84
+ 15 98
+ 15 100
+ 16 1
x 16 83
+ 16 98
+ 16 100
+ 17 1
+ 18 1
+ 19 1
+ 19 20
x 19 81
+ 19 98
+ 19 100
+ 20 1
+ 20 98
+ 20 100
+ 21 1
x 21 80
+ 22 1
+ 23 1
+ 23 98
+ 23 100
+ 24 1
x 24 79
+ 24 98
+ 24 100
+ 25 1
x 25 78
o 26 1
+ 27 98
+ 27 100
+ 28 1
+ 28 98
+ 28 100
+ 29 1
+ 30 1
+ 31 1
+ 31 98
+ 31 100
+ 32 1
+ 32 98
+ 32 100
+ 33 1
x 33 77
+ 34 1
x 34 74
+ 35 1
+ 35 98
+ 35 100
+ 36 1
+ 36 98
+ 36 100
x 37 70
x 38 69
+ 39 1
+ 39 100
+ 40 1
x 40 68
+ 40 98
+ 40 100
+ 41 1
+ 41 100
+ 42 1
+ 43 1
x 43 66
+ 43 100
+ 44 1
+ 44 98
+ 44 100
+ 45 100
+ 46 1
+ 47 1
+ 47 100
+ 48 1
+ 48 98
+ 48 100
+ 49 1
x 49 65
+ 49 100
+ 50 1
x 50 59
+ 51 1
x 51 58
+ 51 100
+ 52 1
x 52 53
+ 52 98
+ 52 100
+ 53 1
+ 53 100
+ 54 1
x 54 52
+ 55 1
x 55 49
+ 55 100
+ 56 1
x 56 43
+ 56 98
+ 56 100
+ 57 1
x 57 42
+ 57 100
+ 58 1
+ 59 1
+ 59 100
+ 60 1
+ 60 98
+ 60 100
+ 61 1
+ 61 100
+ 62 1
+ 63 1
+ 63 100
x 64 36
+ 64 100
+ 65 1
x 65 34
+ 65 100
+ 66 1
+ 66 100
+ 67 1
+ 67 100
+ 68 1
x 68 33
+ 68 100
+ 69 1
+ 69 100
+ 70 1
x 70 32
+ 70 100
+ 71 1
+ 71 27
x 71 30
+ 71 100
+ 72 1
x 72 29
+ 72 100
+ 73 1
+ 73 100
+ 74 1
x 74 28
+ 74 100
+ 75 1
x 75 27
+ 75 100
+ 76 1
+ 76 100
+ 77 1
+ 77 100
+ 78 1
x 78 25
+ 78 100
+ 79 1
x 79 24
+ 79 100
+ 80 1
+ 80 100
+ 81 1
x 81 21
+ 81 100
+ 82 1
+ 82 100
+ 83 1
x 83 20
+ 83 100
+ 84 1
x 84 19
+ 85 1
x 85 18
+ 85 99
+ 85 100
+ 86 1
x 86 17
+ 87 1
+ 87 100
+ 88 1
+ 88 98
+ 88 100
x 89 16
+ 89 100
+ 90 1
+ 90 2
x 90 15
+ 92 99
x 93 12
+ 93 97
+ 93 99
+ 94 1
+ 94 2
+ 94 3
x 94 10
+ 95 98
+ 95 100
x 96 8
x 98 4
x 99 3
+ 99 63
x 100 2
+ 100 37
Case #58: 137 71
+ 1 1
+ 1 4
+ 1 6
+ 1 34
+ 1 38
+ 1 43
+ 1 46
+ 1 48
o 1 51
+ 2 48
+ 3 1
+ 3 51
+ 4 6
+ 4 13
+ 5 1
+ 5 9
+ 5 33
+ 7 1
+ 8 1
+ 8 16
x 10 50
+ 10 51
+ 11 1
+ 11 22
+ 11 51
o 12 1
+ 12 51
x 13 42
+ 13 51
+ 14 1
x 14 39
+ 15 50
+ 17 1
x 17 38
+ 17 51
+ 18 48
+ 19 51
+ 20 51
+ 21 2
x 21 37
x 22 35
+ 24 49
+ 24 50
+ 24 51
+ 26 1
+ 26 3
x 26 34
x 27 32
+ 28 51
+ 29 1
x 29 31
+ 29 51
+ 30 1
x 31 25
x 32 20
+ 32 45
+ 32 46
+ 33 48
+ 33 49
+ 33 51
x 34 19
+ 34 51
+ 35 1
+ 35 5
x 36 18
+ 37 4
x 37 14
x 38 13
x 39 11
x 42 10
x 49 2
Case #59: 298 198
+ 1 1
+ 1 100
+ 2 1
+ 2 100
+ 3 1
+ 3 100
+ 4 1
+ 4 100
+ 5 1
+ 5 100
+ 6 1
+ 6 100
+ 7 1
+ 7 100
+ 8 1
+ 8 100
+ 9 1
+ 9 100
+ 10 1
+ 10 100
+ 11 1
+ 11 100
+ 12 1
+ 12 100
+ 13 1
+ 13 100
+ 14 1
+ 14 100
+ 15 1
+ 15 100
+ 16 1
+ 16 100
+ 17 1
+ 17 100
+ 18 1
+ 18 100
+ 19 1
+ 19 100
+ 20 1
+ 20 100
+ 21 1
+ 21 100
+ 22 1
+ 22 100
+ 23 1
+ 23 100
+ 24 1
+ 24 100
+ 25 1
+ 25 100
+ 26 1
+ 26 100
+ 27 1
+ 27 100
+ 28 1
+ 28 100
+ 29 1
+ 29 100
+ 30 1
+ 30 100
+ 31 1
+ 31 100
+ 32 1
+ 32 100
+ 33 1
+ 33 100
+ 34 1
+ 34 100
+ 35 1
+ 35 100
+ 36 1
+ 36 100
+ 37 1
+ 37 100
+ 38 1
+ 38 100
+ 39 1
+ 39 100
+ 40 1
+ 40 100
+ 41 1
+ 41 100
+ 42 1
+ 42 100
+ 43 1
+ 43 100
+ 44 1
+ 44 100
+ 45 1
+ 45 100
+ 46 1
+ 46 100
+ 47 1
+ 47 100
+ 48 1
o 48 100
+ 49 1
+ 49 100
+ 50 1
+ 50 100
+ 51 1
+ 51 100
+ 52 1
+ 52 100
+ 53 1
+ 53 100
+ 54 1
+ 54 100
+ 55 1
+ 55 100
+ 56 1
+ 56 100
+ 57 1
+ 57 100
+ 58 1
+ 58 100
+ 59 1
+ 59 100
+ 60 1
+ 60 100
+ 61 1
+ 61 100
+ 62 1
+ 62 100
+ 63 1
+ 63 100
+ 64 1
+ 64 100
+ 65 1
+ 65 100
+ 66 1
+ 66 100
+ 67 1
+ 67 100
+ 68 1
+ 68 100
+ 69 1
+ 69 100
+ 70 1
+ 70 100
+ 71 1
+ 71 100
+ 72 1
+ 72 100
+ 73 1
+ 73 100
+ 74 1
+ 74 100
+ 75 1
+ 75 100
+ 76 1
+ 76 100
+ 77 1
+ 77 100
+ 78 1
+ 78 100
+ 79 1
+ 79 100
+ 80 1
+ 80 100
+ 81 1
+ 81 100
+ 82 1
+ 82 100
+ 83 1
+ 83 100
+ 84 1
+ 84 100
+ 85 1
+ 85 100
+ 86 1
+ 86 100
+ 87 1
+ 87 100
+ 88 1
+ 88 100
+ 89 1
+ 89 100
+ 90 1
+ 90 100
+ 91 1
+ 91 100
+ 92 1
+ 92 100
+ 93 1
+ 93 100
o 94 1
+ 94 100
+ 95 1
+ 95 100
+ 96 1
+ 96 100
+ 97 1
+ 97 100
+ 98 1
+ 98 100
+ 99 1
+ 99 100
Case #60: 159 85
+ 1 16
+ 1 21
+ 1 32
+ 1 36
+ 1 47
+ 1 51
+ 1 60
+ 2 1
+ 2 9
+ 2 19
+ 2 38
+ 2 55
x 2 57
+ 2 60
+ 3 1
+ 3 7
+ 3 50
+ 4 60
+ 5 1
+ 5 24
+ 5 45
+ 6 1
+ 7 1
+ 8 1
x 10 53
+ 11 1
+ 11 56
+ 12 1
x 12 52
+ 13 1
x 13 51
x 14 50
+ 15 1
x 16 49
+ 16 59
+ 16 60
+ 17 1
x 17 48
+ 18 1
+ 18 55
+ 18 60
+ 19 1
x 20 45
+ 20 59
x 21 42
+ 22 60
x 23 39
+ 24 56
+ 25 1
x 26 38
+ 26 60
x 27 37
+ 28 2
x 29 33
+ 30 8
+ 31 1
+ 31 60
+ 32 58
+ 32 60
+ 33 1
+ 35 1
x 35 30
+ 36 57
+ 36 58
+ 36 60
x 37 29
x 38 28
x 40 25
+ 40 58
+ 41 1
x 42 22
x 44 14
+ 45 1
x 47 13
+ 48 56
+ 48 58
x 49 12
x 50 11
x 53 10
x 55 8
x 56 5
+ 56 14
x 57 2
x 58 1
+ 60 14
Case #61: 270 175
x 1 100
x 2 99
+ 2 100
x 3 98
+ 3 100
x 4 97
+ 4 100
x 5 96
+ 5 100
x 6 95
x 7 94
+ 7 99
+ 7 100
x 8 93
x 9 92
+ 9 100
x 10 91
+ 10 98
+ 10 100
x 11 90
+ 11 100
x 12 89
x 13 88
+ 13 100
x 14 87
+ 14 98
+ 14 100
x 15 86
+ 15 100
x 16 85
x 17 84
x 18 83
+ 18 98
+ 18 100
x 19 82
x 20 81
x 21 80
x 22 79
x 23 78
+ 23 99
x 24 77
x 25 76
+ 25 100
x 26 75
+ 26 100
x 27 74
x 28 73
x 29 72
x 30 71
+ 30 99
+ 30 100
x 31 70
x 32 69
x 33 68
+ 33 98
+ 33 100
x 34 67
+ 34 98
+ 34 100
x 35 66
x 36 65
x 37 64
+ 37 98
+ 37 100
x 38 63
+ 38 100
x 39 62
x 40 61
x 41 60
x 42 59
+ 42 98
+ 42 99
+ 42 100
x 43 58
x 44 57
x 45 56
x 46 55
+ 46 99
+ 46 100
x 47 54
x 48 53
+ 48 100
x 49 52
+ 49 98
+ 49 100
x 50 51
x 51 50
x 52 49
x 53 48
+ 53 98
+ 53 100
x 54 47
x 55 46
x 56 45
x 57 44
+ 57 100
x 58 43
+ 58 98
+ 58 100
x 59 42
+ 59 100
x 60 41
x 61 40
x 62 39
x 63 38
x 64 37
x 65 36
x 66 35
x 67 34
x 68 33
+ 68 100
x 69 32
x 70 31
x 71 30
x 72 29
x 73 28
+ 73 100
x 74 27
x 75 26
+ 75 99
x 76 25
x 77 24
+ 77 100
x 78 23
x 79 22
x 80 21
+ 80 95
x 81 20
x 82 19
x 83 18
o 84 17
x 85 16
x 86 15
x 87 14
x 88 13
+ 88 35
x 89 12
+ 89 38
x 90 11
+ 90 31
x 91 10
+ 91 26
+ 91 28
x 92 9
+ 92 79
x 93 8
+ 93 27
+ 93 35
+ 93 46
+ 93 76
x 94 7
+ 94 30
+ 94 49
x 95 6
x 96 5
+ 96 40
x 97 4
+ 97 70
x 98 3
+ 98 56
x 99 2
+ 99 45
+ 99 51
+ 99 53
+ 99 56
+ 99 73
x 100 1
+ 100 60
+ 100 61
+ 100 62
+ 100 63
+ 100 64
+ 100 65
+ 100 66
+ 100 70
Case #62: 292 284
x 1 100
+ 2 1
+ 2 97
+ 2 98
x 2 99
+ 2 100
+ 3 1
x 3 98
+ 3 100
+ 4 1
+ 4 5
x 4 97
+ 5 1
x 5 96
+ 6 1
x 6 95
+ 6 98
+ 6 100
+ 7 1
x 7 94
+ 7 98
+ 7 100
x 8 93
+ 9 1
x 9 92
+ 10 1
x 10 91
+ 10 98
+ 10 100
+ 11 1
+ 11 16
x 11 90
+ 11 98
+ 11 100
+ 12 1
x 12 89
x 13 88
+ 14 1
x 14 87
+ 14 98
+ 14 100
+ 15 1
x 15 86
+ 15 98
+ 15 100
+ 16 1
x 16 85
+ 17 1
x 17 84
+ 18 1
x 18 83
+ 18 98
+ 18 100
+ 19 1
x 19 82
+ 19 98
+ 19 100
+ 20 1
x 20 81
+ 21 1
+ 21 23
x 21 80
+ 22 1
x 22 79
+ 22 98
+ 22 100
+ 23 1
x 23 78
+ 23 98
+ 23 100
+ 24 1
o 24 77
+ 25 1
x 25 76
x 26 75
+ 26 98
+ 26 100
+ 27 1
x 27 74
+ 27 98
+ 27 100
+ 28 1
x 28 73
+ 29 1
+ 29 33
x 29 72
+ 30 1
x 30 71
+ 30 100
+ 31 1
x 31 70
+ 31 100
+ 32 1
x 32 69
+ 32 100
+ 33 1
x 33 68
+ 33 100
+ 34 1
x 34 67
+ 34 100
+ 35 1
x 35 66
+ 35 100
+ 36 1
x 36 65
+ 36 100
+ 37 1
x 37 64
+ 37 100
+ 38 1
x 38 63
+ 38 100
+ 39 1
x 39 62
+ 39 100
+ 40 1
x 40 61
+ 40 100
+ 41 1
x 41 60
+ 41 100
+ 42 1
x 42 59
+ 42 100
x 43 58
+ 43 100
+ 44 1
x 44 57
+ 44 100
+ 45 1
x 45 56
+ 45 100
+ 46 1
x 46 55
+ 46 100
+ 47 1
x 47 54
+ 48 1
x 48 53
+ 48 99
+ 48 100
+ 49 1
x 49 52
+ 50 1
x 50 51
+ 50 100
+ 51 1
x 51 50
+ 51 98
+ 51 100
+ 52 1
x 52 49
+ 52 100
+ 53 1
x 53 48
+ 54 1
x 54 47
+ 54 100
+ 55 1
x 55 46
+ 55 98
+ 55 100
+ 56 1
x 56 45
+ 56 100
+ 57 1
x 57 44
+ 58 1
x 58 43
+ 58 100
+ 59 1
x 59 42
+ 59 98
+ 59 100
+ 60 1
x 60 41
+ 60 100
x 61 40
+ 62 1
x 62 39
+ 62 100
+ 63 1
x 63 38
+ 63 98
+ 63 100
+ 64 1
x 64 37
+ 64 100
+ 65 1
x 65 36
+ 66 1
x 66 35
+ 66 100
+ 67 1
x 67 34
+ 67 98
+ 67 100
+ 68 1
x 68 33
+ 68 100
+ 69 1
x 69 32
x 70 31
+ 70 100
x 71 30
+ 71 98
+ 71 100
+ 72 1
x 72 29
+ 72 100
+ 73 1
x 73 28
+ 74 1
x 74 27
+ 74 100
+ 75 1
x 75 26
+ 75 98
+ 75 100
+ 76 1
x 76 25
+ 76 100
+ 77 1
x 77 24
+ 78 1
x 78 23
+ 78 100
+ 79 1
x 79 22
+ 79 98
+ 79 100
+ 80 1
x 80 21
+ 80 100
+ 81 1
x 81 20
+ 82 1
x 82 19
+ 82 100
+ 83 1
x 83 18
+ 83 98
+ 83 100
x 84 17
+ 84 100
+ 85 1
x 85 16
+ 86 1
x 86 15
+ 86 100
+ 87 1
x 87 14
+ 87 98
+ 87 100
x 88 13
+ 88 100
+ 89 1
x 89 12
+ 90 1
+ 90 7
x 90 11
+ 90 100
+ 91 1
+ 91 4
x 91 10
+ 91 98
+ 91 100
+ 92 1
x 92 9
+ 92 100
x 93 8
x 94 7
+ 94 100
+ 95 1
+ 95 3
x 95 6
x 96 5
x 97 4
x 98 3
x 99 2
+ 99 29
+ 99 30
x 100 1
Case #63: 270 172
x 1 100
x 2 99
+ 2 100
x 3 98
+ 3 100
x 4 97
+ 4 100
x 5 96
+ 5 100
x 6 95
+ 6 100
x 7 94
+ 7 100
x 8 93
+ 8 100
x 9 92
+ 9 100
x 10 91
+ 10 100
x 11 90
x 12 89
+ 12 100
x 13 88
x 14 87
+ 14 99
+ 14 100
x 15 86
x 16 85
+ 16 100
x 17 84
+ 17 98
+ 17 100
x 18 83
+ 18 100
x 19 82
x 20 81
+ 20 100
x 21 80
+ 21 98
+ 21 100
o 22 79
+ 22 100
x 23 78
x 24 77
+ 24 100
x 25 76
+ 25 98
+ 25 100
x 26 75
x 27 74
x 28 73
+ 28 98
+ 28 100
x 29 72
+ 29 98
+ 29 100
x 30 71
x 31 70
x 32 69
+ 32 100
x 33 68
x 34 67
+ 34 99
+ 34 100
x 35 66
x 36 65
x 37 64
+ 37 99
+ 37 100
x 38 63
x 39 62
x 40 61
+ 40 100
x 41 60
+ 41 100
x 42 59
x 43 58
x 44 57
x 45 56
+ 45 100
x 46 55
x 47 54
x 48 53
+ 48 100
x 49 52
x 50 51
x 51 50
x 52 49
+ 52 98
+ 52 100
x 53 48
+ 53 98
+ 53 100
x 54 47
x 55 46
x 56 45
+ 56 98
+ 56 100
x 57 44
+ 57 98
+ 57 100
x 58 43
x 59 42
x 60 41
x 61 40
+ 61 99
x 62 39
+ 62 99
x 63 38
x 64 37
x 65 36
+ 65 100
x 66 35
x 67 34
x 68 33
x 69 32
x 70 31
x 71 30
x 72 29
x 73 28
x 74 27
x 75 26
+ 75 94
x 76 25
+ 76 100
x 77 24
+ 77 93
+ 77 95
+ 77 97
x 78 23
+ 78 89
x 79 22
x 80 21
+ 80 83
x 81 20
x 82 19
x 83 18
x 84 17
x 85 16
x 86 15
x 87 14
x 88 13
x 89 12
+ 89 22
x 90 11
x 91 10
x 92 9
x 93 8
+ 93 75
x 94 7
+ 94 52
+ 94 72
x 95 6
+ 95 49
x 96 5
+ 96 62
+ 96 68
x 97 4
+ 97 34
+ 97 62
+ 97 65
x 98 3
+ 98 37
+ 98 44
x 99 2
+ 99 31
+ 99 40
x 100 1
+ 100 38
+ 100 43
+ 100 47
+ 100 49
Case #64: 211 116
+ 1 1
+ 1 3
+ 1 9
+ 1 36
+ 1 46
+ 1 58
+ 1 62
+ 1 65
+ 1 68
+ 1 77
+ 2 6
+ 2 7
+ 2 60
+ 2 62
o 2 77
+ 3 4
+ 3 65
x 3 74
+ 4 1
+ 4 77
+ 5 1
x 5 73
+ 5 77
+ 6 77
x 7 72
+ 7 77
+ 9 16
+ 9 24
+ 9 26
+ 9 63
+ 10 21
+ 10 76
x 11 70
+ 12 1
+ 12 2
x 12 68
x 13 65
+ 14 1
+ 14 77
+ 17 2
+ 18 2
x 18 63
x 19 59
+ 19 75
+ 21 1
x 21 57
+ 22 77
+ 23 1
x 23 55
+ 23 73
+ 25 1
x 25 52
+ 25 77
+ 26 1
x 27 51
+ 27 73
+ 27 74
+ 28 1
x 29 50
+ 29 77
x 30 48
+ 31 1
+ 31 3
x 31 46
+ 33 75
+ 33 77
+ 35 1
+ 35 74
+ 35 76
+ 37 77
+ 38 1
x 38 43
x 39 39
+ 39 76
x 40 37
+ 41 77
+ 42 1
+ 43 1
+ 44 1
x 44 36
+ 44 76
+ 46 77
x 47 34
+ 47 77
+ 49 1
x 49 33
x 50 31
+ 50 75
+ 50 77
+ 51 1
+ 51 70
x 52 29
+ 53 77
x 54 28
+ 56 2
x 56 27
+ 56 76
x 57 24
+ 59 77
x 60 22
x 62 20
x 63 19
x 64 18
x 65 16
x 66 14
x 67 11
x 68 9
+ 72 25
x 74 7
+ 74 30
x 75 5
x 76 2
+ 76 40
+ 77 26
+ 77 28
+ 77 51
Case #65: 251 141
+ 1 9
+ 1 13
+ 1 17
+ 1 25
+ 1 64
+ 1 72
+ 1 74
+ 1 76
+ 1 89
+ 1 91
+ 2 1
+ 2 4
+ 2 6
+ 2 81
+ 2 83
+ 2 85
+ 2 87
+ 2 89
x 2 92
+ 3 1
+ 3 29
+ 3 68
+ 3 73
+ 3 81
x 3 91
+ 4 1
+ 4 64
x 4 90
+ 4 93
+ 5 6
+ 5 8
x 5 85
+ 6 1
+ 6 90
+ 7 93
+ 8 1
x 8 84
+ 8 90
+ 9 71
+ 11 1
+ 11 16
+ 11 91
+ 12 23
+ 12 76
x 12 82
+ 14 1
x 14 81
+ 15 91
+ 16 1
+ 16 29
+ 16 31
x 17 79
x 18 78
+ 19 2
x 20 76
+ 21 1
+ 21 3
+ 21 93
+ 22 1
x 22 75
x 23 74
+ 24 1
+ 24 92
x 25 73
+ 27 1
+ 28 80
+ 29 1
x 29 70
+ 30 1
x 30 68
+ 31 92
+ 32 1
x 32 67
+ 32 80
x 33 66
x 34 64
+ 35 1
x 35 61
x 36 58
+ 36 93
+ 37 2
x 38 56
+ 38 93
+ 39 83
+ 40 1
+ 40 93
+ 41 1
x 41 54
+ 41 91
+ 42 1
x 42 53
+ 42 93
+ 43 5
x 43 44
+ 44 2
x 44 43
x 46 41
x 47 39
+ 47 93
x 48 36
+ 48 88
+ 49 1
+ 50 1
+ 50 3
x 50 35
+ 50 89
x 52 34
+ 52 93
+ 53 1
+ 54 1
x 54 33
x 55 32
+ 56 90
+ 57 92
+ 58 79
+ 60 1
+ 60 93
x 61 31
+ 61 86
+ 61 93
+ 62 1
x 62 30
+ 62 89
x 64 29
x 66 28
x 68 26
x 72 25
x 73 24
x 76 23
x 77 19
x 79 18
x 84 17
x 85 14
x 86 12
x 87 11
x 88 10
+ 88 56
x 89 7
x 90 6
+ 91 26
+ 93 26
Case #66: 39 0
Case #67: 224 122
+ 1 1
+ 1 6
+ 1 8
+ 1 20
+ 1 55
+ 1 57
+ 1 60
+ 1 64
+ 1 70
+ 1 71
+ 1 76
x 1 82
+ 1 83
+ 2 1
+ 2 4
+ 2 57
+ 2 66
+ 2 68
+ 2 73
x 2 75
+ 2 81
+ 3 1
+ 3 7
+ 3 9
+ 3 14
+ 3 16
+ 3 23
x 3 74
+ 3 84
+ 4 1
+ 5 13
+ 5 19
+ 5 28
+ 5 32
+ 5 58
+ 6 30
+ 6 54
+ 6 56
+ 6 84
+ 7 1
x 7 73
+ 7 84
+ 8 84
x 10 72
x 11 71
+ 11 84
+ 12 1
x 12 70
+ 12 84
+ 13 1
x 13 67
+ 14 1
+ 15 1
x 16 65
+ 19 1
x 20 64
+ 20 78
+ 21 83
x 22 61
+ 22 83
x 23 59
x 24 58
+ 25 82
+ 26 1
x 26 56
+ 29 1
+ 29 2
x 29 54
+ 30 4
+ 31 1
x 32 53
o 33 84
+ 34 1
x 34 52
x 37 44
+ 37 81
+ 38 1
x 38 43
+ 39 1
+ 39 80
+ 39 82
+ 41 1
+ 41 2
x 42 42
+ 42 80
+ 42 84
+ 43 1
x 43 41
+ 44 1
+ 44 81
x 46 39
+ 47 1
+ 47 2
x 47 38
+ 49 84
x 50 37
+ 51 1
x 52 34
+ 53 1
x 53 33
+ 53 82
+ 53 84
+ 54 3
x 54 32
x 56 31
x 58 30
+ 60 6
x 61 29
x 62 27
x 65 24
x 66 21
x 68 19
x 69 18
x 70 15
x 72 12
x 73 11
x 74 9
x 76 8
x 77 4
x 82 2
+ 82 33
+ 84 48
Case #68: 271 173
x 1 100
x 2 99
+ 2 100
x 3 98
+ 3 100
x 4 97
+ 4 100
x 5 96
+ 5 100
x 6 95
+ 6 100
x 7 94
+ 7 100
x 8 93
+ 8 100
x 9 92
+ 9 100
x 10 91
+ 10 100
x 11 90
+ 11 100
x 12 89
+ 12 100
x 13 88
+ 13 100
x 14 87
+ 14 100
x 15 86
x 16 85
+ 16 99
+ 16 100
x 17 84
x 18 83
+ 18 100
x 19 82
+ 19 98
+ 19 100
x 20 81
+ 20 100
x 21 80
x 22 79
+ 22 100
x 23 78
x 24 77
+ 24 99
+ 24 100
x 25 76
x 26 75
+ 26 100
x 27 74
+ 27 98
+ 27 100
x 28 73
x 29 72
+ 29 99
x 30 71
x 31 70
+ 31 100
x 32 69
+ 32 100
x 33 68
x 34 67
x 35 66
x 36 65
+ 36 98
+ 36 100
x 37 64
x 38 63
x 39 62
+ 39 98
+ 39 100
x 40 61
+ 40 98
+ 40 100
x 41 60
x 42 59
x 43 58
x 44 57
+ 44 99
+ 44 100
x 45 56
x 46 55
+ 46 100
x 47 54
+ 47 98
+ 47 100
x 48 53
x 49 52
x 50 51
+ 50 100
x 51 50
x 52 49
+ 52 99
+ 52 100
x 53 48
x 54 47
+ 54 100
x 55 46
+ 55 98
+ 55 100
x 56 45
+ 56 100
x 57 44
x 58 43
x 59 42
x 60 41
x 61 40
x 62 39
x 63 38
+ 63 100
x 64 37
x 65 36
x 66 35
x 67 34
+ 67 100
x 68 33
+ 68 100
x 69 32
x 70 31
o 71 30
+ 71 100
x 72 29
+ 72 100
x 73 28
x 74 27
x 75 26
x 76 25
x 77 24
+ 77 93
x 78 23
x 79 22
x 80 21
x 81 20
x 82 19
x 83 18
x 84 17
x 85 16
x 86 15
x 87 14
x 88 13
x 89 12
x 90 11
x 91 10
x 92 9
x 93 8
x 94 7
+ 94 27
+ 94 41
+ 94 72
x 95 6
+ 95 34
+ 95 38
+ 95 80
x 96 5
+ 96 34
+ 96 45
+ 96 65
+ 96 77
x 97 4
+ 97 52
+ 97 68
x 98 3
+ 98 71
x 99 2
+ 99 43
+ 99 60
+ 99 61
+ 99 63
+ 99 65
x 100 1
+ 100 48
+ 100 57
+ 100 58
Case #69: 14 0
Case #70: 243 136
+ 1 8
+ 1 9
+ 1 11
+ 1 15
+ 1 16
+ 1 61
+ 1 69
+ 1 71
+ 1 78
+ 1 79
+ 1 85
+ 1 86
+ 1 91
+ 2 1
+ 2 18
+ 2 19
+ 2 56
+ 2 66
o 2 91
+ 3 1
+ 3 12
+ 3 23
+ 3 82
+ 4 1
+ 4 38
+ 5 1
+ 5 24
+ 5 91
+ 6 1
x 6 89
+ 7 68
x 7 87
+ 8 89
+ 8 91
x 9 85
+ 9 91
+ 10 1
x 10 81
x 11 79
+ 12 1
+ 13 1
x 16 77
+ 16 89
+ 16 91
+ 17 1
x 17 76
+ 18 1
+ 19 91
x 20 75
+ 20 89
+ 20 91
+ 21 1
x 21 74
+ 23 1
x 23 72
+ 24 91
+ 25 2
x 25 63
+ 25 88
+ 25 91
x 26 61
x 27 59
+ 30 1
x 30 58
+ 30 87
+ 30 89
x 31 57
+ 32 1
+ 32 2
+ 32 4
x 32 56
+ 34 1
x 34 54
+ 34 89
+ 34 90
x 35 52
+ 36 1
x 36 51
+ 37 1
+ 37 85
x 38 50
+ 38 91
x 40 45
+ 40 86
x 41 43
+ 42 1
+ 42 91
+ 44 1
+ 44 2
x 45 42
+ 46 1
+ 46 89
+ 46 91
+ 47 91
+ 48 1
x 48 41
+ 49 1
+ 49 91
+ 50 1
+ 51 1
+ 51 88
+ 51 91
+ 52 1
x 52 40
+ 53 1
x 53 39
x 54 38
+ 54 87
x 56 35
x 57 31
+ 57 88
+ 62 1
x 62 29
+ 63 88
+ 64 1
x 64 28
+ 65 6
+ 65 8
+ 66 1
x 66 25
x 67 24
+ 68 1
x 68 22
+ 69 90
x 71 20
x 77 17
x 78 15
x 80 12
x 81 11
x 83 9
x 84 7
x 87 6
x 88 5
+ 88 33
x 89 1
+ 91 52
Case #71: 294 285
+ 1 98
+ 1 99
o 1 100
+ 2 1
+ 2 3
+ 2 5
x 2 99
+ 3 1
x 3 98
x 4 97
+ 4 98
+ 4 100
+ 5 1
x 5 96
+ 5 98
+ 5 100
x 6 95
+ 7 1
x 7 94
+ 8 1
x 8 93
+ 8 98
+ 8 100
+ 9 1
x 9 92
+ 9 98
+ 9 100
+ 10 1
x 10 91
+ 11 1
x 11 90
+ 12 1
x 12 89
+ 12 98
+ 12 100
+ 13 1
x 13 88
+ 13 98
+ 13 100
+ 14 1
x 14 87
+ 15 1
x 15 86
+ 16 1
x 16 85
+ 16 98
+ 16 100
+ 17 98
+ 17 100
+ 18 1
x 18 84
+ 19 1
x 19 83
+ 20 1
x 20 82
+ 20 98
+ 20 100
+ 21 1
x 21 81
+ 21 98
+ 21 100
+ 22 1
x 22 80
+ 23 1
x 23 79
+ 24 1
x 24 78
+ 24 98
+ 24 100
+ 25 1
x 25 77
+ 25 98
+ 25 100
+ 26 1
x 26 76
+ 27 1
x 27 75
+ 28 1
x 28 74
+ 28 100
+ 29 1
x 29 73
+ 29 98
+ 29 100
x 30 72
+ 31 1
x 31 71
+ 32 1
x 32 70
+ 32 98
+ 32 100
+ 33 1
x 33 69
+ 33 98
+ 33 100
+ 34 1
x 34 68
+ 35 1
x 35 67
+ 36 1
x 36 66
+ 36 98
+ 36 100
+ 37 1
x 37 65
+ 37 98
+ 37 100
x 38 64
+ 39 1
x 39 63
+ 40 1
x 40 62
+ 40 98
+ 40 100
+ 41 1
x 41 61
+ 41 98
+ 41 100
+ 42 1
x 42 60
+ 43 1
x 43 59
+ 44 1
x 44 58
+ 44 98
+ 44 100
+ 45 1
x 45 57
+ 45 98
+ 45 100
+ 46 1
x 46 56
+ 47 1
x 47 55
+ 48 1
x 48 54
+ 48 98
+ 48 100
+ 49 1
x 49 53
+ 49 98
+ 49 100
+ 50 1
x 50 52
+ 51 1
x 51 51
+ 52 1
x 52 50
+ 52 98
+ 52 100
+ 53 1
x 53 49
+ 53 98
+ 53 100
+ 54 1
x 54 47
+ 55 1
x 55 46
+ 56 1
+ 56 98
+ 56 100
+ 57 1
x 57 45
+ 57 98
+ 57 100
+ 58 1
x 58 44
+ 59 1
x 59 43
+ 60 1
x 60 42
+ 60 98
+ 60 100
+ 61 1
x 61 41
+ 61 98
+ 61 100
+ 62 1
x 62 40
+ 63 1
x 63 39
+ 64 1
x 64 38
+ 64 98
+ 64 100
+ 65 1
x 65 37
+ 65 98
+ 65 100
+ 66 1
x 66 36
+ 67 1
+ 67 30
x 67 35
+ 68 1
x 68 34
+ 68 98
+ 68 100
+ 69 1
x 69 33
+ 69 98
+ 69 100
x 70 32
+ 71 1
x 71 31
+ 72 1
x 72 30
+ 72 98
+ 72 100
+ 73 1
x 73 29
+ 73 100
+ 74 1
x 74 28
x 75 27
+ 76 1
x 76 26
+ 76 98
+ 76 100
+ 77 1
x 77 25
+ 77 98
+ 77 100
+ 78 1
x 78 24
+ 79 1
x 79 22
+ 80 1
x 80 21
+ 80 98
+ 80 100
+ 81 1
x 81 20
+ 81 98
+ 81 100
+ 82 1
+ 82 13
x 82 19
+ 83 1
x 83 18
+ 84 1
x 84 17
+ 84 100
+ 85 1
x 85 16
+ 85 98
+ 85 100
+ 86 1
x 86 15
+ 86 100
+ 87 1
x 87 14
+ 88 1
x 88 13
+ 88 100
+ 89 1
x 89 12
+ 89 98
+ 89 100
+ 90 1
x 90 11
+ 90 100
+ 91 1
x 91 10
+ 92 1
x 92 9
+ 92 100
+ 93 1
x 93 8
+ 93 98
+ 93 100
x 94 7
+ 94 100
+ 95 1
x 95 6
x 96 5
+ 97 1
x 97 4
+ 97 99
x 98 3
x 99 2
+ 99 83
x 100 1
+ 100 26
+ 100 71
Case #72: 282 190
+ 1 2
+ 1 99
+ 1 100
+ 2 97
x 3 97
+ 3 100
+ 4 10
+ 4 11
x 4 95
+ 4 98
+ 4 100
+ 5 1
x 5 93
+ 6 14
x 6 91
+ 7 17
+ 7 98
+ 7 100
+ 8 1
x 8 90
+ 8 98
+ 8 100
+ 9 1
+ 9 3
x 9 89
+ 10 1
+ 11 98
+ 11 100
+ 12 98
+ 12 100
x 13 88
+ 14 23
x 14 87
+ 15 1
x 15 85
+ 15 98
+ 15 100
x 16 82
+ 16 98
+ 16 100
+ 17 1
x 17 79
x 19 78
+ 19 98
+ 19 100
+ 20 1
+ 20 100
+ 21 1
+ 21 4
x 21 77
+ 22 1
+ 22 7
x 22 76
x 23 75
+ 23 98
+ 23 100
+ 24 98
+ 24 100
+ 26 1
+ 27 1
x 27 72
+ 27 98
+ 27 100
+ 28 4
x 28 71
+ 28 98
+ 28 100
x 30 70
+ 31 98
+ 31 100
+ 32 1
+ 32 3
+ 32 98
+ 32 100
x 34 68
+ 35 100
+ 36 2
x 36 64
+ 36 98
+ 36 100
+ 38 1
+ 39 1
+ 39 100
+ 40 1
x 40 63
+ 40 98
+ 40 100
+ 41 1
+ 42 1
+ 43 1
+ 43 98
+ 43 100
+ 44 98
+ 44 100
+ 45 1
x 45 62
+ 47 100
+ 48 1
+ 48 98
+ 48 100
+ 49 100
+ 51 1
+ 52 1
x 52 58
+ 52 98
+ 52 100
+ 53 1
x 54 55
+ 55 1
x 55 52
+ 55 100
+ 57 1
+ 58 1
x 59 50
+ 59 100
+ 60 1
x 60 49
+ 60 98
+ 60 100
x 61 48
+ 63 1
+ 63 98
+ 63 100
+ 64 98
+ 64 100
x 65 46
+ 67 1
x 67 45
+ 67 98
+ 67 100
+ 68 98
+ 68 100
+ 69 1
x 69 43
+ 71 2
x 71 41
+ 72 98
+ 72 99
o 72 100
+ 73 1
+ 74 1
x 74 40
+ 75 1
+ 75 98
+ 75 100
x 76 37
+ 76 98
+ 76 100
x 77 35
+ 79 19
+ 79 90
+ 80 1
+ 80 16
+ 80 98
+ 80 99
+ 80 100
+ 81 1
+ 82 12
x 82 31
+ 82 95
+ 83 1
+ 83 5
x 83 24
+ 83 98
+ 83 100
+ 84 7
+ 84 8
+ 85 1
+ 85 10
+ 85 97
+ 85 99
x 87 22
+ 88 30
x 89 20
x 90 15
x 91 12
x 92 11
x 93 8
+ 94 62
x 95 7
x 96 5
+ 96 41
x 98 3
+ 99 34
+ 99 46
+ 99 54
x 100 1
+ 100 51
+ 100 54
+ 100 57
Case #73: 269 173
x 1 100
x 2 99
+ 2 100
x 3 98
+ 3 100
x 4 97
+ 4 100
x 5 96
+ 5 100
x 6 95
+ 6 100
x 7 94
+ 7 100
x 8 93
+ 8 100
x 9 92
x 10 91
+ 10 99
+ 10 100
x 11 90
x 12 89
+ 12 100
x 13 88
+ 13 98
+ 13 100
x 14 87
x 15 86
x 16 85
+ 16 98
+ 16 100
x 17 84
+ 17 98
+ 17 100
x 18 83
x 19 82
x 20 81
+ 20 98
+ 20 100
x 21 80
+ 21 98
+ 21 100
x 22 79
x 23 78
x 24 77
+ 24 100
x 25 76
+ 25 98
+ 25 100
o 26 75
x 27 74
x 28 73
x 29 72
+ 29 99
x 30 71
+ 30 99
x 31 70
x 32 69
x 33 68
+ 33 99
+ 33 100
x 34 67
x 35 66
x 36 65
+ 36 98
+ 36 100
x 37 64
x 39 63
x 40 62
+ 40 98
+ 40 100
x 41 61
+ 41 98
+ 41 100
x 42 60
x 43 59
x 44 58
x 45 57
+ 45 98
+ 45 99
+ 45 100
x 46 56
x 47 55
x 48 54
+ 48 98
+ 48 100
x 49 53
+ 49 100
x 50 52
x 51 51
x 52 50
+ 52 98
+ 52 100
x 53 49
x 54 48
+ 54 99
x 55 46
x 56 45
x 57 44
+ 57 98
+ 57 100
x 58 43
x 59 42
x 60 41
+ 60 98
+ 60 100
x 61 40
+ 61 100
x 62 39
x 63 38
x 64 37
x 65 36
+ 65 99
x 66 35
+ 66 99
x 67 34
x 68 33
x 69 32
+ 69 100
x 70 31
x 71 30
+ 71 100
x 72 29
x 73 28
+ 73 99
x 74 27
x 75 26
x 76 24
x 77 23
+ 77 98
+ 77 99
+ 77 100
x 78 22
x 79 21
x 80 20
+ 80 94
x 81 19
x 82 18
x 83 16
x 84 15
x 86 14
x 87 13
x 88 12
x 89 11
x 90 10
+ 90 36
+ 90 40
x 91 9
+ 91 31
x 92 8
x 93 7
x 94 6
+ 94 72
+ 94 74
+ 94 76
x 95 5
+ 95 32
+ 95 47
x 96 4
+ 96 35
+ 96 39
+ 96 41
x 97 3
+ 98 58
+ 98 61
x 99 2
+ 99 48
+ 99 52
+ 99 63
+ 99 64
x 100 1
+ 100 54
+ 100 67
+ 100 73
Case #74: 279 179
+ 1 8
+ 1 10
x 1 94
+ 1 99
+ 1 100
+ 2 4
x 3 92
+ 3 100
x 4 91
+ 4 98
+ 4 100
+ 5 16
x 5 90
x 6 88
+ 6 99
x 8 86
+ 8 98
+ 8 100
+ 9 98
+ 9 100
x 11 85
+ 12 1
+ 12 98
o 12 100
+ 13 98
+ 13 100
+ 14 1
x 14 83
x 15 80
+ 16 1
+ 16 2
+ 16 98
+ 16 100
+ 17 98
+ 17 100
+ 18 1
x 18 79
+ 19 1
x 19 78
+ 20 98
+ 20 100
+ 21 98
+ 21 100
+ 22 1
x 22 76
x 23 71
x 24 70
+ 25 1
x 25 64
+ 25 98
+ 25 99
+ 25 100
+ 26 1
x 26 62
+ 28 98
+ 28 100
x 29 59
+ 29 98
+ 29 100
x 30 56
+ 32 2
x 32 54
+ 33 2
x 33 53
+ 33 98
+ 33 99
+ 33 100
+ 36 98
+ 36 100
+ 37 98
+ 37 100
+ 38 1
x 38 52
x 39 50
x 40 49
+ 40 98
+ 40 100
+ 41 2
+ 41 98
+ 41 100
+ 43 1
+ 43 3
+ 43 5
x 44 47
+ 44 98
+ 44 100
+ 45 98
+ 45 100
+ 46 1
+ 48 1
+ 48 98
+ 48 100
+ 49 98
+ 49 100
+ 51 1
+ 52 1
x 52 46
+ 52 100
+ 53 1
x 53 45
+ 53 98
+ 53 100
+ 54 100
+ 56 100
+ 57 1
x 57 43
+ 58 1
+ 58 99
+ 59 1
x 59 41
+ 60 1
x 60 36
x 61 35
+ 61 98
+ 61 99
+ 61 100
+ 63 1
x 63 29
+ 64 1
x 64 28
+ 64 98
+ 64 100
x 65 27
+ 65 30
+ 65 98
+ 65 100
+ 66 1
x 66 25
x 67 24
+ 68 1
+ 68 100
+ 69 98
+ 69 100
+ 70 1
+ 70 15
+ 71 18
+ 71 22
x 72 23
+ 72 100
+ 73 1
x 73 22
+ 73 100
+ 74 1
x 74 21
+ 75 1
+ 76 1
x 76 17
+ 77 6
+ 77 100
x 78 15
+ 79 2
x 79 13
+ 80 2
+ 80 98
+ 80 100
+ 82 12
+ 82 14
+ 82 16
+ 82 94
+ 83 7
x 83 11
+ 83 96
+ 83 98
x 91 10
+ 92 38
+ 92 63
+ 93 29
+ 93 81
x 95 9
x 96 6
+ 96 74
x 97 4
+ 97 61
x 98 2
x 99 1
+ 99 51
+ 99 72
+ 99 76
+ 100 66
Case #75: 298 236
+ 1 1
+ 1 100
+ 2 1
+ 2 100
+ 3 1
x 3 99
+ 3 100
+ 4 1
+ 4 100
+ 5 1
+ 5 100
+ 6 1
+ 6 100
+ 7 1
+ 7 100
+ 8 1
+ 8 100
+ 9 1
+ 9 100
+ 10 1
+ 10 100
+ 11 1
o 11 100
+ 12 1
+ 12 100
+ 13 1
+ 13 100
+ 14 1
x 14 94
+ 14 100
+ 15 1
+ 15 100
+ 16 1
x 16 93
+ 16 100
+ 17 1
+ 17 100
+ 18 1
+ 18 100
+ 19 1
x 19 92
+ 19 100
+ 20 1
+ 20 100
+ 21 1
x 21 88
+ 21 100
+ 22 1
+ 22 100
+ 23 1
+ 23 100
+ 24 1
x 24 87
+ 24 100
+ 25 1
+ 25 100
+ 26 1
x 26 85
+ 26 100
+ 27 1
+ 27 100
+ 28 1
+ 28 100
+ 29 1
+ 29 100
+ 30 1
+ 30 100
+ 31 1
+ 31 100
+ 32 1
+ 32 100
+ 33 1
+ 33 100
+ 34 1
+ 34 100
+ 35 1
x 35 84
+ 35 100
+ 36 1
+ 36 100
+ 37 1
+ 37 100
+ 38 1
x 38 83
+ 38 100
+ 39 1
x 39 82
+ 39 100
+ 40 1
x 40 76
+ 40 100
+ 41 1
x 41 74
+ 41 100
+ 42 1
x 42 66
+ 42 100
+ 43 1
+ 43 100
+ 44 1
+ 44 100
+ 45 1
+ 45 100
+ 46 1
x 46 63
+ 46 100
+ 47 1
x 47 62
+ 47 100
+ 48 1
+ 48 100
+ 49 1
+ 49 100
+ 50 1
x 50 54
+ 50 100
+ 51 1
+ 51 100
+ 52 1
+ 52 100
+ 53 1
x 53 53
+ 53 100
+ 54 1
+ 54 100
+ 55 1
+ 55 100
+ 56 1
+ 56 100
+ 57 1
x 57 51
+ 57 100
+ 58 1
x 58 50
+ 58 100
+ 59 1
x 59 48
+ 59 100
+ 60 1
+ 60 100
+ 61 1
+ 61 100
+ 62 1
x 62 47
+ 62 100
+ 63 1
+ 63 100
+ 64 1
x 64 45
+ 64 100
+ 65 1
+ 65 100
+ 66 1
x 66 42
+ 66 100
+ 67 1
x 67 41
+ 67 100
+ 68 1
x 68 33
+ 68 100
o 69 1
+ 69 100
+ 70 1
x 70 31
+ 70 100
+ 71 1
+ 71 100
+ 72 1
x 72 30
+ 72 100
+ 73 1
+ 73 100
+ 74 1
+ 74 100
+ 75 1
x 75 29
+ 75 100
+ 76 1
+ 76 100
+ 77 1
x 77 28
+ 77 100
+ 78 1
+ 78 100
+ 79 1
+ 79 100
+ 80 1
+ 80 100
+ 81 1
x 81 18
+ 81 100
+ 82 1
x 82 17
+ 82 100
+ 83 1
+ 83 100
+ 84 1
x 84 16
+ 84 100
+ 85 1
+ 85 100
+ 86 1
+ 86 100
+ 87 1
+ 87 100
+ 88 1
+ 88 100
+ 89 1
x 89 14
+ 89 100
+ 90 1
+ 90 100
+ 91 1
+ 91 100
+ 92 1
+ 92 100
+ 93 1
+ 93 100
+ 94 1
x 94 13
+ 94 100
+ 95 1
x 95 12
+ 95 100
+ 96 1
x 96 8
+ 96 100
+ 97 1
x 97 7
+ 97 100
+ 98 1
+ 98 100
+ 99 1
x 99 4
+ 99 100
Case #76: 276 176
+ 1 3
+ 1 97
x 2 99
+ 2 100
x 3 96
+ 3 100
+ 4 1
+ 4 3
+ 5 8
+ 5 100
x 6 95
+ 6 98
+ 6 100
+ 7 3
x 7 93
+ 8 15
+ 9 98
+ 9 100
+ 10 1
+ 10 21
x 10 92
+ 10 98
+ 10 100
x 12 89
x 13 88
+ 13 98
+ 13 100
x 14 87
+ 15 2
x 15 86
+ 15 99
x 16 85
+ 17 98
+ 17 100
+ 18 2
x 19 84
+ 19 99
+ 20 1
x 20 82
x 21 81
+ 21 98
+ 21 100
x 22 79
+ 22 98
+ 22 100
+ 23 1
x 24 78
+ 25 1
+ 25 2
+ 25 98
+ 25 100
+ 26 98
+ 26 100
x 27 77
+ 28 1
x 28 75
+ 29 98
+ 29 100
x 30 73
+ 30 98
+ 30 100
+ 31 1
+ 32 6
x 32 72
+ 33 98
+ 33 100
+ 34 2
x 34 67
+ 34 98
+ 34 100
x 35 65
x 37 64
+ 37 98
+ 37 100
+ 38 98
+ 38 100
x 39 62
x 40 59
x 41 58
+ 41 100
x 42 57
+ 42 100
+ 43 1
x 43 56
+ 44 1
x 45 55
+ 45 98
+ 45 100
+ 46 1
x 46 53
+ 46 98
+ 46 100
+ 47 1
x 48 50
+ 49 2
+ 49 98
+ 49 100
x 50 49
x 51 48
x 52 45
+ 53 100
+ 54 98
+ 54 100
+ 56 1
x 56 43
x 57 40
+ 57 98
+ 57 100
+ 58 100
+ 59 1
x 60 38
x 62 37
+ 62 99
+ 62 100
+ 64 1
x 64 36
+ 66 1
x 66 33
+ 66 98
+ 66 99
+ 66 100
+ 67 1
+ 67 3
x 67 32
x 68 30
x 69 29
+ 69 100
+ 70 1
+ 70 100
x 71 28
+ 72 1
x 72 27
+ 73 1
+ 73 11
x 73 23
+ 73 98
+ 73 100
+ 74 7
+ 74 13
+ 74 14
+ 75 1
+ 75 18
x 75 22
+ 75 99
+ 76 1
+ 76 3
+ 76 6
x 76 20
+ 77 1
+ 77 95
+ 77 100
x 78 17
+ 78 98
+ 78 100
+ 79 96
x 83 16
x 84 15
+ 84 28
x 85 10
+ 85 31
x 87 8
x 89 7
x 91 6
+ 91 77
+ 95 44
+ 96 44
+ 96 55
+ 97 53
+ 98 58
x 99 4
+ 99 49
+ 99 60
+ 99 61
+ 99 64
x 100 2
+ 100 67
Case #77: 259 141
+ 1 2
+ 1 3
+ 1 5
+ 1 6
+ 1 71
+ 1 78
+ 1 79
+ 1 82
+ 1 84
+ 1 94
+ 1 96
x 1 97
+ 2 10
+ 2 14
+ 2 18
+ 2 26
+ 2 49
+ 2 82
+ 2 86
+ 2 88
+ 2 90
+ 2 94
+ 3 12
+ 3 59
+ 3 97
+ 4 62
x 4 96
+ 5 68
+ 5 94
+ 6 17
+ 6 34
x 6 94
+ 6 97
+ 7 1
+ 7 37
x 7 93
+ 7 97
+ 8 1
x 8 92
+ 9 1
+ 9 24
+ 9 34
+ 10 1
+ 10 37
x 10 91
+ 10 97
+ 11 28
x 11 90
+ 13 1
+ 13 95
+ 16 1
+ 17 1
x 17 89
+ 18 1
x 18 84
+ 18 94
+ 18 97
+ 20 1
x 20 80
+ 21 95
x 22 75
+ 22 95
+ 22 97
+ 23 1
x 23 73
+ 24 1
+ 24 90
+ 24 96
+ 25 1
+ 26 1
x 26 71
+ 26 95
x 28 68
+ 29 1
+ 29 2
x 29 66
+ 29 97
x 30 62
+ 31 1
x 31 60
+ 32 93
+ 32 97
+ 33 1
+ 35 1
+ 35 95
+ 36 1
x 36 58
+ 37 1
+ 37 96
+ 39 92
+ 40 1
x 40 57
+ 41 96
x 42 56
+ 44 1
x 44 50
x 45 48
+ 45 97
x 46 47
+ 48 1
x 48 46
+ 49 1
x 49 45
+ 49 91
+ 51 95
+ 51 96
+ 53 1
x 54 43
+ 54 94
+ 54 97
+ 55 1
x 56 37
+ 56 97
+ 57 1
x 57 35
+ 59 97
+ 61 2
+ 61 93
+ 62 93
+ 64 1
+ 64 7
x 65 32
x 66 31
x 67 30
x 69 29
x 70 28
x 71 27
x 75 25
x 76 20
x 77 18
x 78 17
x 80 12
x 86 11
x 87 10
o 93 9
x 94 6
x 95 5
x 96 3
x 97 2
+ 97 42
+ 97 46
Case #78: 136 0
Case #79: 171 99
+ 1 1
+ 1 4
+ 1 12
+ 1 18
+ 1 24
+ 1 50
+ 1 53
+ 1 62
+ 1 63
+ 2 1
+ 2 7
+ 2 8
+ 2 9
+ 2 12
+ 2 14
+ 2 21
+ 2 27
+ 2 47
+ 2 56
+ 2 57
x 2 64
+ 3 1
+ 4 52
x 4 60
+ 4 64
+ 5 62
+ 6 1
+ 6 20
+ 6 64
+ 7 1
+ 7 53
+ 9 62
x 10 58
x 11 55
x 13 54
+ 14 1
+ 14 64
+ 15 62
+ 16 1
x 16 50
+ 16 56
+ 17 1
x 18 49
x 19 48
+ 20 1
+ 21 1
+ 21 59
+ 21 62
+ 21 63
+ 21 64
x 22 45
+ 22 59
+ 23 1
+ 26 1
+ 26 62
+ 27 1
+ 29 1
x 29 42
+ 29 64
+ 30 62
+ 30 64
x 32 38
+ 33 1
x 33 34
+ 34 64
+ 35 1
x 35 33
+ 35 64
+ 36 1
x 36 26
+ 36 64
+ 37 1
+ 38 64
+ 40 1
x 40 25
+ 41 1
+ 42 1
+ 42 64
+ 43 1
+ 45 1
+ 45 63
+ 46 9
x 46 24
x 48 23
+ 48 64
+ 49 3
x 50 20
x 51 19
x 53 18
x 55 17
x 57 16
x 58 14
x 61 6
x 62 5
x 63 4
+ 63 32
+ 63 34
x 64 1
+ 64 26
Case #80: 295 294
+ 1 1
+ 1 97
o 1 99
+ 2 1
x 2 98
+ 2 99
+ 3 1
x 3 97
+ 4 1
x 4 96
+ 4 99
+ 5 1
x 5 95
+ 5 99
+ 6 1
x 6 94
+ 6 99
+ 7 1
x 7 93
+ 7 99
+ 8 1
x 8 92
+ 8 99
+ 9 1
x 9 91
+ 9 99
+ 10 1
x 10 90
+ 10 99
+ 11 1
x 11 89
+ 11 99
+ 12 1
x 12 88
+ 12 99
+ 13 1
x 13 87
+ 13 99
+ 14 1
x 14 86
+ 14 99
+ 15 1
x 15 85
+ 15 99
+ 16 1
x 16 84
+ 16 99
+ 17 1
x 17 83
+ 17 99
+ 18 1
x 18 82
+ 18 99
+ 19 1
x 19 81
+ 19 99
+ 20 1
x 20 80
+ 20 99
+ 21 1
x 21 79
+ 21 99
+ 22 1
x 22 78
+ 22 99
+ 23 1
x 23 77
+ 23 99
+ 24 1
x 24 76
+ 24 99
+ 25 1
x 25 75
+ 25 99
+ 26 1
x 26 74
+ 26 99
+ 27 1
x 27 73
+ 27 99
+ 28 1
x 28 72
+ 28 99
+ 29 1
x 29 71
+ 29 99
+ 30 1
x 30 70
+ 30 99
+ 31 1
x 31 69
+ 31 99
+ 32 1
x 32 68
+ 32 99
+ 33 1
x 33 67
+ 33 99
+ 34 1
x 34 66
+ 34 99
+ 35 1
x 35 65
+ 35 99
+ 36 1
x 36 64
+ 36 99
+ 37 1
x 37 63
+ 37 99
+ 38 1
x 38 62
+ 38 99
+ 39 1
x 39 61
+ 39 99
+ 40 1
x 40 60
+ 40 99
+ 41 1
x 41 59
+ 41 99
+ 42 1
x 42 58
+ 42 99
+ 43 1
x 43 57
+ 43 99
+ 44 1
x 44 56
+ 44 99
+ 45 1
x 45 55
+ 45 99
+ 46 1
x 46 54
+ 46 99
+ 47 1
x 47 53
+ 47 99
+ 48 1
x 48 52
+ 48 99
+ 49 1
x 49 51
+ 49 99
+ 50 1
x 50 50
+ 50 99
+ 51 1
x 51 49
+ 51 99
+ 52 1
x 52 48
+ 52 99
+ 53 1
x 53 47
+ 53 99
+ 54 1
x 54 46
+ 54 99
+ 55 1
x 55 45
+ 55 99
+ 56 1
x 56 44
+ 56 99
+ 57 1
x 57 43
+ 57 99
+ 58 1
x 58 42
+ 58 99
+ 59 1
x 59 41
+ 59 99
+ 60 1
x 60 40
+ 60 99
+ 61 1
x 61 39
+ 61 99
+ 62 1
x 62 38
+ 62 99
+ 63 1
x 63 37
+ 63 99
+ 64 1
x 64 36
+ 64 99
+ 65 1
x 65 35
+ 65 99
+ 66 1
x 66 34
+ 66 99
+ 67 1
x 67 33
+ 67 99
+ 68 1
x 68 32
+ 68 99
+ 69 1
x 69 31
+ 69 99
+ 70 1
x 70 30
+ 70 99
+ 71 1
x 71 29
+ 71 99
+ 72 1
x 72 28
+ 72 99
+ 73 1
x 73 27
+ 73 99
+ 74 1
x 74 26
+ 74 99
+ 75 1
x 75 25
+ 75 99
+ 76 1
x 76 24
+ 76 99
+ 77 1
x 77 23
+ 77 99
+ 78 1
x 78 22
+ 78 99
+ 79 1
x 79 21
+ 79 99
+ 80 1
x 80 20
+ 80 99
+ 81 1
x 81 19
+ 81 99
+ 82 1
x 82 18
+ 82 99
+ 83 1
x 83 17
+ 83 99
+ 84 1
x 84 16
+ 84 99
+ 85 1
x 85 15
+ 85 99
+ 86 1
x 86 14
+ 86 99
+ 87 1
x 87 13
+ 87 99
+ 88 1
x 88 12
+ 88 99
+ 89 1
x 89 11
+ 89 99
+ 90 1
x 90 10
+ 90 99
+ 91 1
x 91 9
+ 91 99
+ 92 1
x 92 8
+ 92 99
+ 93 1
x 93 7
+ 93 99
+ 94 1
x 94 6
+ 94 99
+ 95 1
x 95 5
+ 95 99
+ 96 1
x 96 4
+ 96 99
x 97 3
+ 97 99
+ 98 1
x 98 2
+ 98 99
x 99 1
+ 99 3
Case #81: 172 89
+ 1 1
+ 1 5
+ 1 7
+ 1 9
+ 1 46
+ 1 60
+ 1 62
+ 2 13
+ 2 60
+ 2 62
+ 2 66
+ 3 51
+ 3 66
+ 4 1
+ 4 66
+ 5 8
+ 5 47
+ 6 1
+ 6 19
x 6 66
x 7 65
+ 8 18
x 8 64
+ 9 26
+ 9 28
+ 9 66
+ 10 1
+ 10 22
+ 10 66
+ 11 47
+ 12 62
+ 12 66
+ 13 1
+ 13 3
x 14 63
+ 16 1
x 16 61
+ 17 66
x 18 56
+ 18 62
+ 19 1
x 19 55
+ 20 1
+ 20 3
+ 20 4
+ 20 66
+ 21 1
x 21 51
+ 23 64
+ 23 66
x 25 50
+ 25 65
+ 26 1
x 26 49
x 27 48
+ 27 66
+ 28 1
x 28 47
+ 28 66
+ 29 1
x 29 46
x 30 45
+ 31 2
x 31 44
+ 31 65
+ 32 65
x 33 42
x 34 39
+ 34 66
+ 36 4
+ 36 66
+ 37 1
+ 39 60
+ 39 65
+ 39 66
x 41 29
x 42 26
+ 42 66
x 44 20
+ 44 62
x 45 18
x 46 15
+ 47 3
x 47 11
x 58 10
x 61 6
+ 64 24
x 65 4
o 66 1
Case #82: 277 175
+ 1 4
+ 1 10
+ 1 97
+ 1 100
+ 2 8
+ 2 93
o 2 100
+ 3 100
+ 5 1
+ 5 100
o 6 98
+ 6 100
+ 7 100
+ 8 1
x 9 95
x 10 93
+ 10 98
+ 10 100
+ 11 1
+ 11 98
+ 11 100
x 13 91
x 14 89
+ 14 98
+ 14 100
x 15 88
+ 15 98
+ 15 100
+ 16 1
x 16 87
x 17 86
x 18 85
+ 18 98
+ 18 100
+ 19 98
+ 19 100
x 20 83
x 21 81
x 22 78
+ 22 98
+ 22 100
+ 23 1
+ 23 5
x 23 76
+ 23 98
+ 23 100
+ 25 1
+ 26 1
+ 26 7
x 26 71
+ 26 98
+ 26 100
x 27 70
+ 27 98
+ 27 100
x 28 67
x 29 66
+ 30 98
+ 30 100
+ 31 98
+ 31 100
x 32 65
x 34 63
+ 34 98
+ 34 100
+ 35 1
x 35 62
+ 35 100
x 37 60
x 38 59
+ 38 98
+ 38 100
x 39 58
+ 39 98
+ 39 100
x 40 57
+ 41 1
+ 41 5
x 41 56
+ 42 98
+ 42 100
+ 43 1
+ 43 100
+ 44 1
x 45 53
+ 45 100
+ 46 1
x 46 50
+ 46 100
x 47 44
+ 47 100
+ 48 1
+ 49 1
+ 49 3
+ 49 100
+ 50 1
x 50 41
+ 50 100
x 51 40
+ 51 100
+ 52 1
+ 53 1
x 53 39
+ 53 100
+ 54 100
+ 55 2
x 55 38
+ 55 100
x 56 37
+ 57 1
x 57 36
+ 57 100
x 58 35
x 59 31
+ 59 99
x 60 29
x 61 28
+ 62 98
+ 62 100
+ 63 1
+ 63 98
+ 63 100
x 64 27
+ 65 1
x 66 26
+ 66 98
+ 66 100
x 67 25
+ 67 100
+ 68 1
x 69 22
+ 69 100
+ 70 100
+ 71 1
+ 71 2
x 71 19
+ 71 100
x 72 18
+ 73 1
+ 73 100
x 74 16
+ 74 100
+ 75 1
+ 75 10
+ 75 100
+ 76 8
+ 76 13
x 76 14
+ 76 16
+ 77 4
+ 77 19
+ 77 91
+ 77 95
+ 77 100
+ 78 12
+ 78 98
+ 78 100
+ 79 100
x 81 11
x 84 10
+ 85 71
x 86 9
x 87 6
+ 90 58
+ 90 62
x 97 3
+ 97 36
x 98 2
+ 98 85
+ 99 42
+ 99 45
+ 99 60
+ 99 66
+ 99 82
x 100 1
Case #83: 298 206
+ 1 1
+ 1 100
+ 2 1
+ 2 100
+ 3 1
+ 3 100
+ 4 1
+ 4 100
+ 5 1
x 5 89
+ 5 100
+ 6 1
x 6 82
+ 6 100
+ 7 1
+ 7 100
+ 8 1
+ 8 100
+ 9 1
+ 9 100
+ 10 1
+ 10 100
+ 11 1
+ 11 100
+ 12 1
+ 12 100
+ 13 1
+ 13 100
+ 14 1
+ 14 100
+ 15 1
+ 15 100
+ 16 1
+ 16 100
+ 17 1
+ 17 100
+ 18 1
+ 18 100
+ 19 1
+ 19 100
+ 20 1
+ 20 100
+ 21 1
+ 21 100
+ 22 1
+ 22 100
+ 23 1
+ 23 100
+ 24 1
+ 24 100
+ 25 1
+ 25 100
+ 26 1
+ 26 100
+ 27 1
+ 27 100
+ 28 1
x 28 76
+ 28 100
+ 29 1
+ 29 100
+ 30 1
+ 30 100
+ 31 1
+ 31 100
+ 32 1
+ 32 100
+ 33 1
o 33 100
+ 34 1
+ 34 100
+ 35 1
x 35 58
+ 35 100
o 36 1
+ 36 100
+ 37 1
+ 37 100
+ 38 1
+ 38 100
+ 39 1
+ 39 100
+ 40 1
+ 40 100
+ 41 1
+ 41 100
+ 42 1
x 42 56
+ 42 100
+ 43 1
+ 43 100
+ 44 1
+ 44 100
+ 45 1
+ 45 100
+ 46 1
+ 46 100
+ 47 1
+ 47 100
+ 48 1
+ 48 100
+ 49 1
+ 49 100
+ 50 1
+ 50 100
+ 51 1
+ 51 100
+ 52 1
+ 52 100
+ 53 1
+ 53 100
+ 54 1
+ 54 100
+ 55 1
+ 55 100
+ 56 1
x 56 36
+ 56 100
+ 57 1
+ 57 100
+ 58 1
+ 58 100
+ 59 1
+ 59 100
+ 60 1
+ 60 100
+ 61 1
+ 61 100
+ 62 1
+ 62 100
+ 63 1
+ 63 100
+ 64 1
+ 64 100
+ 65 1
+ 65 100
+ 66 1
+ 66 100
+ 67 1
+ 67 100
+ 68 1
+ 68 100
+ 69 1
+ 69 100
+ 70 1
+ 70 100
+ 71 1
+ 71 100
+ 72 1
+ 72 100
+ 73 1
+ 73 100
+ 74 1
+ 74 100
+ 75 1
+ 75 100
+ 76 1
+ 76 100
+ 77 1
+ 77 100
+ 78 1
+ 78 100
+ 79 1
x 79 32
+ 79 100
+ 80 1
+ 80 100
+ 81 1
+ 81 100
+ 82 1
+ 82 100
+ 83 1
+ 83 100
+ 84 1
+ 84 100
+ 85 1
+ 85 100
+ 86 1
+ 86 100
+ 87 1
+ 87 100
+ 88 1
+ 88 100
+ 89 1
+ 89 100
+ 90 1
+ 90 100
+ 91 1
+ 91 100
+ 92 1
+ 92 100
+ 93 1
+ 93 100
+ 94 1
x 94 22
+ 94 100
+ 95 1
+ 95 100
+ 96 1
+ 96 100
+ 97 1
+ 97 100
+ 98 1
+ 98 100
+ 99 1
+ 99 100
Case #84: 265 169
x 1 100
x 2 99
+ 2 100
x 3 98
+ 3 100
x 4 97
+ 4 100
x 5 96
+ 5 100
x 6 95
+ 6 100
x 7 94
+ 7 100
x 8 93
+ 8 100
x 9 92
+ 9 100
x 10 91
+ 10 100
x 11 90
+ 11 100
x 12 89
+ 12 100
x 13 88
+ 13 100
x 14 87
+ 14 100
x 15 86
+ 15 100
x 16 85
+ 16 100
o 17 84
+ 17 100
x 18 83
+ 18 100
x 19 82
+ 19 100
x 20 81
+ 20 100
x 21 80
x 22 79
+ 22 99
x 23 78
+ 23 99
x 24 77
x 25 76
+ 25 98
+ 25 100
x 26 75
+ 26 100
x 27 74
x 28 73
x 29 72
+ 29 98
+ 29 100
x 30 71
+ 30 98
+ 30 100
x 31 70
x 32 69
x 33 68
x 34 67
+ 34 98
+ 34 99
+ 34 100
x 35 66
x 36 65
x 37 64
+ 37 100
x 38 63
+ 38 100
x 39 62
x 40 61
x 41 60
+ 41 100
x 42 59
x 43 58
+ 43 99
x 44 57
x 45 56
+ 45 100
x 46 55
+ 46 98
+ 46 100
x 47 54
x 48 53
x 49 52
+ 49 100
x 50 51
+ 50 100
x 51 50
x 52 49
x 53 48
+ 53 100
x 54 47
+ 54 100
x 55 46
x 56 45
x 57 44
x 58 43
x 59 42
x 60 41
x 61 40
+ 61 100
x 62 39
x 63 38
+ 63 100
x 64 37
x 65 36
x 66 35
+ 66 100
x 67 34
x 68 33
x 69 32
x 70 31
x 71 30
+ 71 99
x 72 29
x 73 28
x 74 27
+ 74 95
x 75 26
x 76 25
x 77 24
x 78 23
x 79 22
+ 79 89
x 80 21
x 81 20
x 82 19
x 83 18
x 84 17
x 85 16
x 86 15
x 87 14
x 88 13
x 89 12
x 90 11
x 91 10
x 92 9
+ 92 32
x 93 8
+ 93 38
x 94 7
+ 94 41
x 95 6
+ 95 44
+ 95 67
+ 95 69
+ 95 72
x 96 5
+ 96 40
+ 96 47
+ 96 64
x 97 4
+ 97 43
+ 97 50
x 98 3
+ 98 53
x 99 2
+ 99 56
+ 99 58
+ 99 60
x 100 1
+ 100 48
+ 100 52
+ 100 56
+ 100 58
+ 100 65
Case #85: 61 33
+ 1 1
+ 1 6
+ 1 14
+ 1 23
+ 2 1
+ 2 20
x 2 21
+ 2 23
+ 3 1
+ 3 23
+ 5 1
x 5 18
+ 6 23
+ 8 2
x 9 16
+ 9 23
+ 10 1
+ 10 3
x 12 15
+ 12 23
+ 13 1
+ 14 23
x 15 14
x 16 11
+ 16 23
+ 17 3
x 17 10
x 18 9
+ 20 10
x 21 7
x 22 3
x 23 2
+ 23 10
Case #86: 36 0
Case #87: 229 125
+ 1 1
+ 1 2
+ 1 6
+ 1 23
+ 1 25
+ 1 55
+ 1 70
+ 1 71
+ 1 76
+ 1 80
+ 1 82
x 1 87
+ 2 9
+ 2 28
+ 2 82
x 2 85
+ 2 87
+ 3 87
+ 4 1
+ 4 15
+ 4 25
+ 4 36
x 4 83
+ 5 1
+ 5 15
+ 5 17
+ 5 87
+ 6 69
+ 7 1
+ 7 41
+ 9 1
x 9 81
x 10 76
+ 10 83
+ 10 87
+ 11 68
x 11 75
+ 12 1
x 12 73
+ 13 1
x 13 72
+ 13 87
+ 14 1
+ 14 85
+ 16 1
+ 16 2
x 19 71
+ 19 86
x 20 68
x 21 67
+ 21 87
+ 23 87
+ 24 1
x 24 65
x 25 63
+ 25 87
+ 27 82
x 28 62
x 29 61
+ 29 87
x 30 58
+ 31 87
x 33 57
+ 33 82
+ 34 3
x 34 55
+ 34 85
+ 35 1
+ 35 3
x 35 51
+ 35 87
x 36 49
x 37 47
x 38 45
x 39 42
+ 39 86
+ 39 87
+ 41 1
x 41 41
+ 42 1
+ 42 3
x 42 40
+ 42 86
+ 42 87
+ 43 1
+ 43 6
x 43 39
+ 43 80
x 44 37
+ 45 1
x 45 36
+ 46 1
x 46 35
+ 46 87
x 47 32
+ 47 83
+ 47 87
+ 48 83
+ 48 87
x 49 30
+ 52 85
x 54 27
x 55 26
+ 56 1
+ 56 85
+ 56 87
x 58 24
x 59 22
+ 60 1
x 61 21
x 62 19
+ 62 85
x 63 18
+ 66 1
+ 66 3
x 66 17
x 68 16
x 69 13
x 76 12
x 77 8
x 79 6
x 80 5
+ 81 20
x 85 4
x 87 2
Case #88: 7 6
+ 1 1
o 1 3
+ 2 1
x 2 2
+ 2 3
x 3 1
Case #89: 291 201
+ 1 4
+ 1 6
+ 1 100
+ 2 97
+ 2 98
+ 2 100
+ 3 1
o 3 100
x 4 98
+ 5 1
+ 5 7
x 6 97
+ 6 98
+ 6 100
+ 7 1
+ 7 98
+ 7 100
+ 9 1
+ 10 1
+ 10 98
+ 10 100
+ 11 98
+ 11 100
x 12 95
+ 14 1
x 14 94
+ 14 98
+ 14 100
+ 15 1
+ 15 98
+ 15 100
+ 16 1
+ 17 1
x 17 89
+ 18 1
+ 18 98
+ 18 100
+ 19 98
+ 19 100
+ 21 1
+ 22 98
+ 22 100
+ 23 1
+ 24 1
+ 24 3
+ 24 99
+ 25 1
+ 25 6
x 25 86
+ 26 15
+ 26 98
+ 26 100
+ 27 1
+ 27 98
+ 27 100
+ 28 1
+ 29 1
x 30 83
+ 30 98
+ 30 100
+ 31 1
+ 31 98
+ 31 100
+ 32 1
x 32 75
+ 33 1
+ 34 1
x 34 74
+ 34 100
+ 35 1
+ 35 98
+ 35 100
+ 36 1
x 36 66
+ 36 100
+ 37 1
+ 38 1
x 38 62
+ 38 100
+ 39 98
+ 39 100
x 40 55
+ 40 100
+ 41 1
+ 42 1
+ 42 100
+ 43 1
+ 43 98
+ 43 100
+ 44 1
+ 44 100
+ 45 1
+ 46 100
+ 47 1
+ 47 100
+ 48 1
+ 48 100
+ 49 1
+ 49 100
+ 50 1
+ 50 5
+ 51 1
x 51 54
+ 51 99
+ 51 100
+ 52 1
x 53 50
+ 53 100
x 54 39
+ 54 98
+ 54 100
+ 55 1
x 55 36
+ 56 99
+ 57 1
+ 57 5
+ 58 1
x 58 34
+ 58 98
+ 58 100
+ 59 1
+ 59 98
+ 59 100
+ 60 1
+ 62 100
+ 63 98
+ 63 100
+ 64 1
x 64 25
+ 64 100
+ 65 1
+ 66 1
+ 66 100
+ 67 1
+ 67 98
+ 67 100
+ 68 1
+ 68 100
+ 70 1
x 70 23
+ 70 100
+ 71 1
x 71 21
+ 71 98
+ 71 100
+ 72 1
+ 72 100
+ 73 1
x 73 18
+ 74 100
+ 75 1
+ 75 100
+ 76 1
+ 76 100
+ 77 1
x 77 16
+ 78 100
+ 79 1
x 79 15
+ 79 98
+ 79 100
+ 80 1
+ 80 100
+ 81 1
x 81 14
+ 82 1
+ 82 100
+ 83 1
+ 83 98
+ 83 100
+ 84 1
x 84 13
+ 84 100
+ 85 1
+ 85 8
+ 85 12
+ 86 1
+ 86 100
+ 87 1
x 87 12
+ 87 98
+ 87 100
+ 88 1
+ 89 1
+ 90 83
+ 90 100
+ 91 1
+ 91 30
+ 91 98
+ 91 100
+ 93 1
+ 94 98
+ 94 100
+ 95 1
x 96 10
x 97 6
x 98 3
+ 99 61
+ 100 32
+ 100 45
+ 100 88
Case #90: 273 173
+ 1 94
+ 1 100
+ 2 98
+ 2 100
x 3 99
+ 3 100
x 5 98
+ 5 100
x 6 95
+ 6 98
+ 6 100
x 7 93
x 8 92
x 9 91
+ 9 98
+ 9 100
x 10 90
+ 10 98
+ 10 100
o 11 88
x 12 87
x 13 85
+ 13 98
+ 13 100
x 14 84
+ 14 98
+ 14 100
+ 15 1
x 15 83
x 16 82
+ 17 98
+ 17 100
x 18 80
+ 18 98
+ 18 100
x 19 79
x 20 78
x 21 77
+ 21 100
x 22 76
+ 22 98
+ 22 100
x 23 74
x 24 73
x 25 72
+ 25 100
+ 26 1
o 26 71
+ 26 98
+ 26 100
x 27 69
+ 28 13
x 28 67
x 29 66
x 30 65
+ 30 99
+ 30 100
x 32 64
x 33 63
+ 33 98
+ 33 100
+ 34 1
+ 34 3
+ 34 98
o 34 100
x 35 62
x 36 61
+ 37 100
+ 38 1
+ 38 98
+ 38 100
x 39 58
x 40 57
x 41 56
+ 41 98
+ 41 100
x 42 55
+ 42 98
+ 42 100
+ 43 1
x 43 54
x 44 53
x 45 51
x 46 48
+ 46 99
x 47 47
+ 47 99
x 49 46
+ 50 1
+ 50 99
x 52 42
+ 53 100
x 54 41
+ 54 98
+ 54 100
x 56 40
+ 57 1
x 57 38
x 58 37
+ 58 98
+ 58 100
+ 59 1
+ 59 100
x 60 36
x 61 34
+ 61 100
+ 62 2
+ 64 1
x 64 32
+ 65 98
+ 65 100
+ 66 1
x 66 31
x 68 28
x 69 27
+ 69 100
+ 70 1
x 70 26
+ 70 100
+ 71 1
x 71 25
x 72 24
+ 72 100
x 73 23
+ 73 98
+ 73 100
x 74 22
+ 75 4
x 75 21
x 76 20
+ 76 91
x 77 19
+ 78 4
x 78 18
+ 78 97
+ 78 99
+ 79 11
+ 79 13
x 79 17
+ 80 8
x 80 16
+ 80 98
x 81 15
x 83 13
x 85 11
x 87 10
x 90 9
+ 92 31
x 93 8
+ 93 26
+ 93 34
+ 95 40
x 96 6
+ 96 32
x 97 4
+ 97 53
x 98 3
+ 98 45
+ 98 46
x 99 2
+ 99 48
+ 99 49
+ 99 52
+ 99 63
+ 99 65
+ 99 67
+ 99 69
+ 99 77
x 100 1
+ 100 55
+ 100 57
+ 100 60
+ 100 74
Case #91: 2 1
o 1 1
Case #92: 290 191
+ 1 2
+ 1 98
+ 1 99
+ 1 100
+ 3 1
+ 4 1
+ 4 98
+ 4 100
+ 5 1
+ 5 98
+ 5 100
+ 6 1
x 6 100
+ 7 1
+ 8 1
+ 8 98
+ 8 100
+ 9 1
+ 9 98
+ 9 100
+ 10 1
+ 12 1
+ 12 16
x 12 84
+ 12 98
+ 12 100
+ 13 1
+ 13 16
+ 13 98
+ 13 100
+ 14 1
+ 15 1
x 15 83
+ 16 1
+ 16 98
+ 16 100
+ 17 98
+ 17 100
+ 18 1
+ 18 2
+ 20 1
+ 20 98
+ 20 100
+ 21 1
+ 21 98
+ 21 100
+ 22 1
+ 23 1
+ 24 1
+ 24 98
+ 24 100
+ 25 1
+ 25 98
+ 25 100
+ 26 1
+ 28 98
+ 28 100
+ 29 98
+ 29 100
+ 30 1
+ 31 1
+ 32 1
+ 32 4
x 32 81
+ 32 98
+ 32 100
+ 33 1
+ 33 98
+ 33 100
+ 36 1
+ 36 98
+ 36 100
+ 37 1
x 37 76
+ 37 98
+ 37 100
+ 38 1
x 38 74
+ 39 6
x 39 73
+ 40 1
+ 40 100
+ 41 1
+ 41 98
+ 41 100
+ 42 1
+ 43 1
+ 44 98
+ 44 100
+ 45 1
+ 45 100
+ 46 1
+ 47 1
x 47 72
+ 47 100
+ 48 98
+ 48 100
+ 49 1
+ 49 100
+ 50 1
+ 51 1
+ 51 100
+ 52 1
+ 52 98
+ 52 100
+ 53 1
+ 53 100
+ 54 1
+ 55 100
+ 56 1
+ 56 98
+ 56 100
+ 57 1
x 57 70
+ 57 100
+ 59 1
x 59 59
+ 59 100
+ 60 98
+ 60 100
+ 61 100
+ 62 1
o 63 1
+ 63 100
+ 64 1
+ 64 100
+ 65 1
+ 65 100
+ 66 1
+ 67 1
+ 67 100
+ 68 1
+ 68 98
+ 68 100
+ 69 100
x 70 53
+ 71 100
+ 72 100
+ 73 1
x 73 47
+ 74 1
+ 74 99
+ 75 1
+ 76 1
x 76 46
+ 76 98
+ 76 100
+ 77 98
+ 77 100
+ 78 1
+ 78 19
x 78 45
+ 79 1
+ 79 19
+ 80 1
o 80 98
+ 80 100
+ 81 1
x 81 34
+ 81 98
+ 81 100
+ 82 12
+ 82 14
+ 82 88
+ 83 1
+ 83 12
+ 84 1
+ 84 8
+ 84 98
+ 84 100
+ 85 1
+ 85 98
+ 85 100
+ 86 1
+ 87 1
+ 88 1
+ 89 1
+ 89 97
+ 89 98
+ 89 99
+ 89 100
+ 90 1
+ 92 1
x 92 15
+ 93 98
+ 93 100
x 94 14
+ 96 42
x 98 4
+ 100 43
+ 100 62
Case #93: 268 171
x 1 100
x 2 99
+ 2 100
x 3 98
+ 3 100
x 4 97
+ 4 100
x 5 96
+ 5 100
x 6 95
+ 6 100
x 7 94
+ 7 100
x 8 93
+ 8 100
x 9 92
+ 9 100
x 10 91
+ 10 100
x 11 90
+ 11 100
x 12 89
+ 12 100
x 13 88
+ 13 100
x 14 87
+ 14 100
x 15 86
+ 15 100
x 16 85
+ 16 100
x 17 84
+ 17 100
x 18 83
x 19 82
+ 19 100
x 20 81
+ 20 98
+ 20 100
x 21 80
+ 21 100
x 22 79
x 23 78
+ 23 100
x 24 77
x 25 76
+ 25 99
+ 25 100
x 26 75
x 27 74
+ 27 100
x 28 73
+ 28 98
+ 28 100
x 29 72
+ 29 100
x 30 71
x 31 70
+ 31 100
x 32 69
+ 32 98
+ 32 100
x 33 68
x 34 67
x 35 66
x 36 65
+ 36 98
+ 36 100
x 37 64
x 38 63
x 39 62
+ 39 100
x 40 61
x 41 60
x 42 59
x 43 58
+ 43 98
+ 43 100
x 44 57
x 45 56
+ 45 99
x 46 55
x 47 54
x 48 53
+ 48 99
+ 48 100
x 49 52
x 50 51
x 51 50
+ 51 98
+ 51 100
x 52 49
+ 52 98
+ 52 100
x 53 48
x 54 47
x 55 46
+ 55 100
x 56 45
x 57 44
+ 57 99
x 58 43
x 59 42
x 60 41
x 61 40
+ 61 99
x 62 39
x 63 38
+ 63 98
+ 63 100
x 64 37
+ 64 100
x 65 36
x 66 35
x 67 34
x 68 33
x 69 32
+ 69 99
x 70 31
x 71 30
+ 71 100
x 72 29
x 73 28
x 74 27
x 75 26
x 76 25
+ 76 93
o 77 24
x 78 23
x 79 22
x 80 21
x 81 20
x 82 19
x 83 18
x 84 17
x 85 16
x 86 15
x 87 14
x 88 13
x 89 12
+ 89 33
x 90 11
+ 90 77
x 91 10
x 92 9
x 93 8
+ 93 72
x 94 7
x 95 6
+ 95 45
+ 95 47
x 96 5
+ 96 41
+ 96 42
+ 96 50
+ 96 61
+ 96 63
+ 96 74
+ 96 76
x 97 4
+ 97 38
+ 97 48
+ 97 69
x 98 3
+ 98 35
x 99 2
+ 99 54
+ 99 55
x 100 1
+ 100 58
+ 100 62
Case #94: 122 0
Case #95: 288 218
+ 1 9
+ 1 97
+ 1 100
+ 2 1
+ 2 6
+ 2 97
x 2 99
+ 2 100
+ 3 4
+ 3 6
x 3 98
+ 3 100
+ 4 1
x 5 96
+ 6 98
+ 6 100
x 7 95
+ 7 98
+ 7 100
+ 10 1
+ 10 98
+ 10 100
+ 11 1
x 11 91
+ 11 98
+ 11 100
+ 13 1
x 13 90
+ 14 1
+ 14 98
+ 14 100
+ 15 98
+ 15 100
+ 16 1
x 16 89
x 18 88
+ 19 1
+ 19 98
+ 19 99
+ 19 100
x 20 87
+ 21 1
+ 22 1
x 22 86
+ 22 98
+ 22 100
x 23 85
+ 23 98
+ 23 100
+ 24 1
+ 25 1
x 25 83
+ 26 1
+ 26 98
+ 26 100
x 27 80
+ 27 98
+ 27 100
+ 28 1
x 28 78
+ 29 1
+ 29 10
+ 30 1
x 30 75
+ 30 98
+ 30 100
+ 31 1
+ 31 98
+ 31 100
+ 32 1
x 32 73
+ 33 1
x 33 72
+ 34 1
x 34 71
+ 34 98
+ 34 100
+ 35 1
x 35 69
+ 35 98
+ 35 100
+ 36 1
+ 37 1
x 37 66
+ 38 98
+ 38 100
+ 39 1
+ 39 98
+ 39 100
+ 40 1
x 40 64
+ 41 1
x 42 62
+ 42 98
+ 42 100
+ 43 1
x 43 61
+ 43 100
+ 44 1
x 44 58
x 45 57
+ 45 100
x 46 55
+ 46 98
+ 46 100
+ 47 1
x 47 54
+ 48 1
+ 48 3
+ 48 99
+ 49 1
x 50 53
+ 50 98
+ 50 100
+ 51 1
x 51 52
+ 51 98
+ 51 100
+ 52 1
+ 53 1
+ 54 98
+ 54 100
+ 55 1
x 55 51
+ 55 98
+ 55 100
+ 56 1
+ 56 3
+ 57 1
+ 59 1
x 59 48
+ 59 99
+ 60 99
+ 61 1
x 61 43
+ 62 98
+ 62 100
+ 63 1
+ 63 98
o 63 100
x 65 42
+ 66 1
x 66 41
+ 66 98
+ 66 100
+ 67 1
+ 67 98
+ 67 100
+ 68 1
+ 69 1
x 69 40
+ 70 1
+ 70 26
x 70 39
+ 70 98
+ 70 100
+ 71 1
+ 71 45
+ 72 1
x 72 38
+ 73 1
x 73 34
+ 74 1
+ 74 98
+ 74 100
+ 75 1
+ 75 98
+ 75 100
+ 76 1
x 76 33
+ 77 1
x 77 27
+ 78 15
+ 78 98
+ 78 100
+ 79 1
+ 79 15
+ 79 18
+ 79 100
+ 80 1
x 80 26
+ 81 1
x 81 22
+ 82 1
x 82 20
+ 82 100
+ 83 1
+ 83 100
+ 84 7
x 84 17
+ 85 1
+ 86 1
+ 86 3
x 86 16
+ 86 91
+ 86 100
+ 87 1
+ 87 94
+ 88 97
+ 88 99
+ 88 100
+ 89 1
x 89 15
+ 89 67
+ 90 100
+ 91 1
x 91 14
+ 91 80
+ 93 76
x 94 13
x 95 12
x 96 7
x 97 4
x 98 3
+ 98 82
+ 99 58
+ 99 85
+ 100 41
Case #96: 70 36
+ 1 3
+ 1 18
+ 1 22
+ 1 27
+ 2 1
+ 2 3
+ 2 18
+ 2 27
+ 3 9
+ 3 21
x 3 26
+ 3 27
+ 4 9
x 4 25
x 5 22
+ 6 1
x 6 21
+ 7 1
+ 7 3
x 7 20
+ 7 27
+ 8 1
+ 10 1
x 10 19
x 14 18
x 15 17
+ 15 26
x 17 14
+ 18 25
+ 18 27
x 19 10
+ 20 1
x 20 7
x 25 5
x 26 3
x 27 1
Case #97: 271 191
+ 1 8
+ 1 99
o 1 100
x 2 99
x 3 98
x 4 97
+ 4 98
+ 4 100
x 5 96
+ 5 98
+ 5 100
x 6 95
x 7 94
x 8 93
+ 8 100
x 9 92
+ 9 98
+ 9 100
x 10 91
+ 11 1
x 11 90
x 12 89
+ 12 98
+ 12 100
x 13 88
+ 13 98
+ 13 100
x 14 87
x 15 86
+ 16 1
x 16 85
+ 16 100
x 17 84
+ 17 98
+ 17 100
x 18 83
x 19 82
x 20 81
+ 20 98
+ 20 100
x 21 80
+ 21 98
+ 21 100
x 22 79
+ 23 1
+ 23 2
x 23 78
x 24 77
+ 24 98
+ 24 100
+ 25 1
x 25 76
+ 25 98
+ 25 100
x 26 75
+ 27 2
x 27 74
x 28 73
+ 28 98
+ 28 100
x 29 72
x 30 71
+ 30 99
+ 31 1
x 31 70
x 32 69
x 33 68
+ 33 99
+ 33 100
x 34 67
x 35 66
x 36 65
+ 36 100
x 37 64
x 38 63
x 39 62
x 40 61
+ 40 100
x 41 60
+ 41 98
+ 41 100
x 42 59
x 43 58
x 44 57
+ 44 100
x 45 56
+ 45 98
+ 45 100
x 46 55
x 47 54
x 48 53
x 49 52
+ 49 98
+ 49 99
+ 49 100
x 50 51
x 51 50
x 52 49
x 53 48
+ 53 99
+ 53 100
x 54 47
+ 55 1
x 55 46
x 56 45
+ 56 100
x 57 44
+ 57 100
x 58 43
x 59 42
x 60 41
+ 61 1
x 61 40
+ 61 99
+ 61 100
x 62 39
x 63 38
x 64 37
+ 64 100
x 65 36
x 66 35
+ 67 1
x 67 34
x 68 33
+ 68 100
x 69 32
+ 69 98
+ 69 100
x 70 31
+ 71 2
x 71 30
x 72 29
x 73 28
+ 73 100
x 74 27
+ 74 97
x 75 26
+ 76 11
x 76 25
+ 76 89
+ 76 96
+ 76 98
+ 76 100
x 77 24
+ 78 8
+ 78 19
x 78 23
+ 79 16
x 79 22
x 80 21
x 81 20
x 82 19
x 83 18
x 84 17
x 85 16
x 86 15
x 87 14
+ 87 19
x 88 13
x 89 12
+ 89 25
x 90 11
x 91 10
+ 91 36
+ 91 40
x 92 9
+ 92 43
+ 92 45
x 93 8
x 94 7
+ 94 76
x 95 6
x 96 5
+ 96 34
+ 96 38
+ 96 46
+ 96 50
+ 96 67
x 97 4
+ 97 41
+ 97 53
x 98 3
+ 98 53
+ 98 56
+ 98 61
x 99 2
+ 99 56
+ 99 59
x 100 1
+ 100 62
+ 100 66
Case #98: 63 34
+ 1 1
+ 1 4
o 1 23
+ 1 24
+ 3 1
+ 3 5
+ 3 16
+ 3 24
x 4 22
+ 5 1
+ 6 1
+ 6 24
x 7 18
+ 7 22
+ 8 1
+ 10 1
x 10 15
+ 11 1
x 11 14
+ 12 24
+ 13 1
x 13 13
+ 13 24
+ 16 2
x 16 12
+ 16 22
x 18 10
x 19 9
+ 19 24
x 20 7
x 21 5
x 22 3
+ 23 8
x 24 2
Case #99: 265 151
+ 1 3
+ 1 12
+ 1 30
+ 1 59
+ 1 75
+ 1 81
+ 1 88
o 1 96
+ 1 97
+ 2 20
+ 2 33
+ 2 48
+ 2 78
+ 2 86
+ 3 13
+ 3 15
+ 3 88
+ 3 97
+ 4 1
+ 4 7
+ 4 8
+ 4 74
o 4 95
+ 4 97
+ 5 1
+ 5 29
+ 5 31
+ 5 59
+ 5 88
+ 5 97
+ 6 1
+ 6 71
+ 6 78
x 7 94
+ 7 96
+ 7 97
+ 8 1
x 8 91
+ 9 1
x 9 90
+ 11 75
+ 11 97
+ 12 71
x 12 89
+ 13 1
x 15 88
+ 15 94
+ 15 96
+ 15 97
x 17 86
+ 18 1
x 18 82
+ 18 95
+ 19 1
x 19 80
+ 19 97
+ 20 1
x 20 77
+ 20 95
x 21 76
x 22 74
+ 22 95
x 24 73
+ 25 1
x 25 70
+ 25 93
+ 26 93
+ 26 97
+ 27 2
+ 28 2
x 30 68
+ 31 1
+ 31 97
+ 32 1
x 32 67
x 33 66
+ 33 93
x 35 63
+ 35 90
+ 37 94
x 39 62
+ 40 1
x 40 61
+ 42 4
x 42 60
+ 42 95
+ 43 1
+ 43 95
+ 44 1
+ 44 7
x 45 58
+ 47 1
x 48 57
+ 48 97
x 49 56
+ 50 97
+ 51 1
x 51 55
+ 53 1
+ 53 95
+ 53 97
x 54 52
x 56 51
+ 57 94
+ 58 1
+ 58 3
x 58 50
+ 58 97
x 59 47
x 61 46
+ 62 1
+ 62 94
+ 62 97
x 63 45
+ 63 97
+ 64 1
x 64 44
+ 64 97
+ 66 1
x 67 43
+ 67 95
+ 67 97
+ 69 5
+ 69 96
+ 70 1
x 71 39
+ 72 97
x 73 35
x 75 32
x 78 30
x 80 26
x 81 25
+ 81 96
x 82 24
x 83 20
x 84 19
x 85 18
x 88 17
x 91 11
x 93 6
+ 93 42
x 94 4
+ 94 40
x 95 3
+ 95 59
+ 95 80
x 96 2
+ 97 24
+ 97 30
+ 97 74
+ 97 76
Case #100: 294 221
+ 1 98
+ 1 99
+ 1 100
+ 2 1
+ 3 1
+ 4 1
+ 4 98
+ 4 100
+ 5 1
+ 5 98
+ 5 100
+ 6 1
+ 8 1
o 8 98
+ 8 100
+ 9 1
+ 9 98
+ 9 100
+ 10 1
+ 11 1
x 11 96
+ 12 1
+ 12 98
+ 12 100
+ 13 1
+ 13 98
+ 13 100
+ 14 1
+ 15 1
+ 15 9
x 15 93
+ 16 1
+ 16 98
+ 16 100
+ 17 1
x 17 91
+ 17 98
+ 17 100
+ 18 1
x 18 89
+ 19 1
+ 20 1
+ 20 98
+ 20 100
+ 21 1
+ 21 98
+ 21 100
+ 22 1
x 23 84
+ 24 1
+ 24 98
+ 24 100
+ 25 1
x 25 82
+ 25 98
+ 25 100
+ 26 1
x 26 81
+ 27 1
x 27 79
+ 28 1
+ 28 98
+ 28 100
+ 29 1
x 29 78
+ 29 98
+ 29 100
+ 31 1
+ 32 1
x 32 75
+ 32 98
+ 32 100
+ 33 1
x 33 74
+ 33 98
+ 33 100
+ 34 1
+ 35 1
+ 36 1
+ 36 98
+ 36 100
+ 37 1
+ 37 98
+ 37 100
+ 38 1
+ 39 1
+ 40 1
x 40 69
+ 40 98
+ 40 100
x 41 62
+ 41 98
+ 41 100
+ 42 1
+ 43 1
+ 44 1
x 44 60
+ 44 98
+ 44 100
+ 45 1
+ 45 98
+ 45 100
+ 46 1
+ 47 1
+ 48 1
x 48 58
+ 48 98
+ 48 100
+ 49 1
x 49 57
+ 49 98
+ 49 100
+ 50 1
x 50 56
+ 51 1
+ 52 1
x 52 55
+ 52 98
+ 52 100
+ 53 1
x 53 51
+ 53 98
+ 53 100
+ 54 1
+ 55 1
+ 56 1
+ 56 98
+ 56 100
+ 57 1
+ 57 98
+ 57 100
+ 58 1
+ 59 1
x 59 50
+ 60 1
+ 60 100
+ 61 1
x 61 49
+ 61 98
+ 61 100
+ 62 1
+ 62 100
+ 63 1
x 63 48
+ 64 1
+ 64 100
+ 65 1
+ 65 98
+ 65 100
+ 66 1
+ 67 1
+ 68 1
+ 68 98
+ 68 100
+ 69 1
+ 69 98
+ 69 100
+ 70 1
+ 71 1
x 71 46
+ 72 1
+ 72 98
+ 72 100
+ 73 1
+ 73 100
+ 74 1
x 75 44
+ 75 100
+ 76 1
+ 76 98
o 76 100
+ 77 1
+ 77 100
+ 78 1
+ 79 1
x 79 40
+ 79 100
+ 80 1
+ 80 98
+ 80 100
+ 81 1
x 81 33
+ 81 100
+ 82 1
x 82 32
+ 83 1
+ 83 100
+ 84 1
+ 84 98
+ 84 100
+ 85 1
+ 85 100
+ 86 1
+ 86 12
+ 87 1
+ 87 100
+ 88 1
x 88 24
+ 88 98
+ 88 100
+ 89 1
+ 89 100
+ 90 1
x 90 21
o 91 1
+ 92 1
x 92 18
x 93 16
+ 93 98
+ 93 100
+ 94 1
+ 94 2
+ 94 96
+ 94 98
+ 96 1
x 96 14
+ 97 98
+ 97 100
x 99 2
+ 99 59
+ 100 71
