417194989158822
22381662983
3654354146503
39831795767047
462428030636282
79353547520583
341569450156822
8743375344967
73786113999175
11426563749022
73293304141383
172803023376967
462270670993943
705671771576583
32953339154162
439930836645150
673425960235452
382045678538528
296972234167410
211303286589476
41532296409090
543867211502718
1485015352062498
1216016081648478
555407166992798
46473230571948
520016859502256
266591378918
415162128779210
549112281654368
1507938326993018
373005960387540
7897966592016
1336756566868958
48933087939366
493913021582958
1030100286408
25823078208
6732658043760
1331285581207208
130940187910418
1016439700460958
14248468772648
634656576769398
358819179943998
357843056176128
65656870658048
403371147893838
389163944253278
233548949837288
94564770853040
1368572091507108
656251353494846
603736572684186
1161855279198290
1223624534791328
793274475998
1208805128414300
1606850540003378
781405863860868
100927319843708
565417028584896
472274015499648
550122023669706
520155894025710
172136728615430
38698682417190
213945483479978
638076225379808
27578495919798
16502310186
145918601880006
52421088397710
913925914010498
648247788879668
932474134169148
9694709648628
92813076151058
185634886106
416839373411126
136049907065868
1411141382706318
37602346488480
12980267147348
332668025638436
1474825007523806
911094360684918
987061392529986
788632243258970
2541761512098
554318427817928
572873078407568
195109047444288
1406278526289306
1046062892584368
209629819032968
19098196822170
61145773663160
214121557279130
107071817822018
165316244211558
162686708072558
18620390772678
159447958033670
1555772793470
73875769276958
27497426318
149701377135618
150278410997738
107085380931918
132786394942506
211635881258
55729713504458
56888721549918
8893977616718
195599601138
109545400452798
115416729789218
290864298617198
97944672712166
17350644537678
106787256371558
176306119185438
66772025497826
175494704659946
36379974966
95297332720650
28057384488230
7019382041070
46696083300398
65531316966218
2876451240698
63968387921198
33263038914398
1963441987658
7324403918
38870657406
11293137806570
160795134029718
291920527311438
5448252386078
19631811420318
100120756344018
102776843580758
12326726721446
241004346039638
81148485658938
21785993880506
120053748841838
19623016311206
33007927311378
90400523137118
38788518496698
1554107609478
261329415476238
220551290729658
44481688833710
32599991829930
1483592007518
1007698652478
66890995707218
184343770366658
3487107505478
6156018807038
116388897082610
203691664993998
4442277512978
232019498191010
45326699185058
35938961604630
39211414408646
53134820480858
5291202506798
71154571417838
66080834097066
87274153267298
3339860287278
44383413425778
83597729799518
97957455537330
345008696570
38864553575246
7484062552446
128482875113138
396788234
6908466943670
46633605433550
64055095881578
150278410997738
227220133379078
7361447769218
170955936158678
3688007059158
521544830682437
59894755275679
252492233411847
20113181392533
966078469958117
3864056651835
70525412689743
70575377886425
193854009930926
4037528571553546
579193327619633
4471130545858976
3485913649884412
55493672079641
2040966136431476
3185326115537
1727343995822930
152906789130037
786469158506912
1115469824461369
35097915326
2204668154715662
3358213523367113
90837828206
717429560762473
3387532602219037
3668126282086058
435567658363018
1362255145931021
276997800043145
406868579495489
5988214316560662
5358875352615972
887042270507142
1495659819973208
97071023068932
634754066615096
2251326868311312
5471320133446452
1199283217897962
729297858451382
4801011999875652
8898240653404082
5472518358551142
2493506550972722
7154839306405988
32893902648408
610557929313972
7200066738418982
2146287956918358
93687974108088
2307802060040606
379053330398586
9117073532161416
83532014975298
7499807679768062
2101340693974422
2986937348723126
3116415205623738
3689208661511892
1718895329254092
81266967166572
362034503753508
6634290510481518
2303761185224762
8997194939081742
884195406644502
42354678091062
6808825324642332
8663390878677372
5003664128869512
7543507095747612
3633750281683502
107881606081028
1004056115900412
4104166442025212
1699588395027302
571035447737982
8979679383018492
449275149972
3879410635425858
1240249220043852
2347789297997172
163940857818672
77174782745862
8655254998769082
8675936100912
68854705775306
2495990816251518
35079824616492
263067438069696
1339676003392122
101497052594586
1221414365462882
2779832985328596
35204024531082
103823562417366
929917275717703
3725967644689207
1941535911754707
1384940648500953
617590815225457
8812439248789557
283640687540707
190378681348737
332930677567365
1422401810597707
9774607803051775
118680651592527
860640903847807
986108410154103
839803808315563
371397665406133
5598637703569057
739769175104703
3655118322154453
2587477800803427
1043633724017953
10057393030290415
7200657901453
7057322752135
336586510753
2969545457168127
316979097860353
628095719075893
48806469927153
132250830087603
6688864932158407
144752768527
6578189553853
414748313669805
86088630169575
8921113505197195
109185078968203
2130006380368953
1927850388096757
189242615758225
1609512659710807
9443284865058453
3175324083278373
9178781618230807
2466637831809453
44841913784827
7472418522206055
89184805346353
1900342726422103
10777085085059557
11425303001537203
407646928353
147717193758435
1913235190987057
19965534719823
9844553576383177
99147012509457
7542403685985
2571363965253594
7832411665680518
5712324765390810
740115597035738
773300004158906
10006566881393306
20746163706
9511240278840762
5544581149642010
32089531507685
643241185982810
1520283314344097
6781515972375258
194221604616410
2239279553694458
2387190743414
669730897798362
293127253956033
8132098518453254
1625048375899137
2772332703686618
1930702613
1226634748999521
5808644560002837
830666194086710
4597015720370453
8242261421987861
2360412493378401
5403979991789318
2304824552236166
2445940692342
1234596174411413
6354661470740709
76635142935521
2867565143829302
10040692727458010
4171695146004666
888161264668022
194358407389062
5742350267735174
8105740480928006
1113477070443521
1987589491885958
348775710703994
47074120433082
5482741860486
76121251416485
7021602143297
4927075740120485
10334867754799637
2624076710081
4152174420684437
152667870117653
10943358728726426
7483087473374177
43967853461
955898717921
5151206074898241
105972135979782
218930854708197
3867633770066486
8814980134410522
24451778113910
3592482359873
2811143117217626
143592821585306
4321406618184026
227863870370054
175696068278010
8049099899713985
1560259355515226
1756393377586709
2186647993035674
1046131699664752
1006488391986284
2334828478683952
418755773642830
81089671287440
3130511385800876
6656808798040192
904101906377872
6504500265784534
73139543801276
2334828478683952
1847099918308784
37865358731158
894246674906032
6298443941707852
109232110486
2948157757877002
1504024216487020
86835809573260
1831483829880982
398657759398252
2489883524760
132561486140516
132469828424518
5836383123914860
30216120500500
1041414702990284
1035087320558284
2040722535462
4915639351652236
686059401710284
14515237935916
151463710690
4126173737106476
2401549435722406
348228950406796
3950472063724502
4306075940566534
2913493441005034
81056643314308
1775966865714
5319462182292
529783308452
17601350519612
184809433852812
14742489313398
49688525402648
132534079721532
109351679127732
296733249972
121111337887812
94386414190884
554751189812
160455673919864
130199768342748
73729125701148
2646445896714
2031428978592
46100260055898
21360011346324
62905725639924
4943034684
58807757963772
43458702104754
585936663974
4607566884
1597236374054
71894354622
1004804136572
54315184118364
23950113628644
6418410929244
15724706554332
1145101328084
102684184914492
11131591529412
7391833296498
40956530327748
116374951836764
2015720366148
11851614123362
81719032130148
21427328653898
63475882515044
117898627666212
37014102728784
9740088139212
156145526612748
32259369986648
65632090558544
95583239887748
155091292701582
20313473445432
84347105821992
21866327162748
4888981506252
2332745783172
3142547534112
38324072195892
720924874004
87728347376774
6108799899732
112288453595172
153912911732
42394749471764
32124227388642
176721498215532
148361357971604
66529966910148
2060260122
3020203931472
